Analysis & Synthesis report for lab6_top
Thu Dec 02 19:28:03 2021
Quartus Prime Version 18.1.0 Build 625 09/12/2018 SJ Lite Edition


---------------------
; Table of Contents ;
---------------------
  1. Legal Notice
  2. Analysis & Synthesis Summary
  3. Analysis & Synthesis Settings
  4. Parallel Compilation
  5. Analysis & Synthesis Source Files Read
  6. Analysis & Synthesis Resource Usage Summary
  7. Analysis & Synthesis Resource Utilization by Entity
  8. State Machine - |lab6_top|cpu:U|FSM:fsm|state
  9. Registers Removed During Synthesis
 10. General Register Statistics
 11. Multiplexer Restructuring Statistics (Restructuring Performed)
 12. Parameter Settings for User Entity Instance: input_iface:IN|vDFF:REG
 13. Parameter Settings for User Entity Instance: cpu:U|datapath:DP|Mux4:data_input
 14. Parameter Settings for User Entity Instance: cpu:U|datapath:DP|regfile:REGFILE|Dec:dec1
 15. Parameter Settings for User Entity Instance: cpu:U|datapath:DP|regfile:REGFILE|RLE:r0
 16. Parameter Settings for User Entity Instance: cpu:U|datapath:DP|regfile:REGFILE|RLE:r1
 17. Parameter Settings for User Entity Instance: cpu:U|datapath:DP|regfile:REGFILE|RLE:r2
 18. Parameter Settings for User Entity Instance: cpu:U|datapath:DP|regfile:REGFILE|RLE:r3
 19. Parameter Settings for User Entity Instance: cpu:U|datapath:DP|regfile:REGFILE|RLE:r4
 20. Parameter Settings for User Entity Instance: cpu:U|datapath:DP|regfile:REGFILE|RLE:r5
 21. Parameter Settings for User Entity Instance: cpu:U|datapath:DP|regfile:REGFILE|RLE:r6
 22. Parameter Settings for User Entity Instance: cpu:U|datapath:DP|regfile:REGFILE|RLE:r7
 23. Parameter Settings for User Entity Instance: cpu:U|datapath:DP|regfile:REGFILE|Dec:dec2
 24. Parameter Settings for User Entity Instance: cpu:U|datapath:DP|regfile:REGFILE|Mux8:mux1
 25. Parameter Settings for User Entity Instance: cpu:U|datapath:DP|RLE:rleA
 26. Parameter Settings for User Entity Instance: cpu:U|datapath:DP|RLE:rleB
 27. Parameter Settings for User Entity Instance: cpu:U|datapath:DP|Mux2:ainMux
 28. Parameter Settings for User Entity Instance: cpu:U|datapath:DP|Mux2:binMux
 29. Parameter Settings for User Entity Instance: cpu:U|datapath:DP|RLE:status
 30. Parameter Settings for User Entity Instance: cpu:U|datapath:DP|RLE:rlec
 31. Port Connectivity Checks: "cpu:U|datapath:DP|Mux2:ainMux"
 32. Port Connectivity Checks: "cpu:U|datapath:DP"
 33. Post-Synthesis Netlist Statistics for Top Partition
 34. Elapsed Time Per Partition
 35. Analysis & Synthesis Messages
 36. Analysis & Synthesis Suppressed Messages



----------------
; Legal Notice ;
----------------
Copyright (C) 2018  Intel Corporation. All rights reserved.
Your use of Intel Corporation's design tools, logic functions 
and other software and tools, and its AMPP partner logic 
functions, and any output files from any of the foregoing 
(including device programming or simulation files), and any 
associated documentation or information are expressly subject 
to the terms and conditions of the Intel Program License 
Subscription Agreement, the Intel Quartus Prime License Agreement,
the Intel FPGA IP License Agreement, or other applicable license
agreement, including, without limitation, that your use is for
the sole purpose of programming logic devices manufactured by
Intel and sold by Intel or its authorized distributors.  Please
refer to the applicable agreement for further details.



+-------------------------------------------------------------------------------+
; Analysis & Synthesis Summary                                                  ;
+---------------------------------+---------------------------------------------+
; Analysis & Synthesis Status     ; Successful - Thu Dec 02 19:28:03 2021       ;
; Quartus Prime Version           ; 18.1.0 Build 625 09/12/2018 SJ Lite Edition ;
; Revision Name                   ; lab6_top                                    ;
; Top-level Entity Name           ; lab6_top                                    ;
; Family                          ; Cyclone V                                   ;
; Logic utilization (in ALMs)     ; N/A                                         ;
; Total registers                 ; 223                                         ;
; Total pins                      ; 67                                          ;
; Total virtual pins              ; 0                                           ;
; Total block memory bits         ; 0                                           ;
; Total DSP Blocks                ; 0                                           ;
; Total HSSI RX PCSs              ; 0                                           ;
; Total HSSI PMA RX Deserializers ; 0                                           ;
; Total HSSI TX PCSs              ; 0                                           ;
; Total HSSI PMA TX Serializers   ; 0                                           ;
; Total PLLs                      ; 0                                           ;
; Total DLLs                      ; 0                                           ;
+---------------------------------+---------------------------------------------+


+---------------------------------------------------------------------------------------------------------------------------+
; Analysis & Synthesis Settings                                                                                             ;
+---------------------------------------------------------------------------------+--------------------+--------------------+
; Option                                                                          ; Setting            ; Default Value      ;
+---------------------------------------------------------------------------------+--------------------+--------------------+
; Device                                                                          ; 5CSEMA5F31C6       ;                    ;
; Top-level entity name                                                           ; lab6_top           ; lab6_top           ;
; Family name                                                                     ; Cyclone V          ; Cyclone V          ;
; Use smart compilation                                                           ; Off                ; Off                ;
; Enable parallel Assembler and Timing Analyzer during compilation                ; On                 ; On                 ;
; Enable compact report table                                                     ; Off                ; Off                ;
; Restructure Multiplexers                                                        ; Auto               ; Auto               ;
; MLAB Add Timing Constraints For Mixed-Port Feed-Through Mode Setting Don't Care ; Off                ; Off                ;
; Create Debugging Nodes for IP Cores                                             ; Off                ; Off                ;
; Preserve fewer node names                                                       ; On                 ; On                 ;
; Intel FPGA IP Evaluation Mode                                                   ; Enable             ; Enable             ;
; Verilog Version                                                                 ; Verilog_2001       ; Verilog_2001       ;
; VHDL Version                                                                    ; VHDL_1993          ; VHDL_1993          ;
; State Machine Processing                                                        ; Auto               ; Auto               ;
; Safe State Machine                                                              ; Off                ; Off                ;
; Extract Verilog State Machines                                                  ; On                 ; On                 ;
; Extract VHDL State Machines                                                     ; On                 ; On                 ;
; Ignore Verilog initial constructs                                               ; Off                ; Off                ;
; Iteration limit for constant Verilog loops                                      ; 5000               ; 5000               ;
; Iteration limit for non-constant Verilog loops                                  ; 250                ; 250                ;
; Add Pass-Through Logic to Inferred RAMs                                         ; On                 ; On                 ;
; Infer RAMs from Raw Logic                                                       ; On                 ; On                 ;
; Parallel Synthesis                                                              ; On                 ; On                 ;
; DSP Block Balancing                                                             ; Auto               ; Auto               ;
; NOT Gate Push-Back                                                              ; On                 ; On                 ;
; Power-Up Don't Care                                                             ; On                 ; On                 ;
; Remove Redundant Logic Cells                                                    ; Off                ; Off                ;
; Remove Duplicate Registers                                                      ; On                 ; On                 ;
; Ignore CARRY Buffers                                                            ; Off                ; Off                ;
; Ignore CASCADE Buffers                                                          ; Off                ; Off                ;
; Ignore GLOBAL Buffers                                                           ; Off                ; Off                ;
; Ignore ROW GLOBAL Buffers                                                       ; Off                ; Off                ;
; Ignore LCELL Buffers                                                            ; Off                ; Off                ;
; Ignore SOFT Buffers                                                             ; On                 ; On                 ;
; Limit AHDL Integers to 32 Bits                                                  ; Off                ; Off                ;
; Optimization Technique                                                          ; Balanced           ; Balanced           ;
; Carry Chain Length                                                              ; 70                 ; 70                 ;
; Auto Carry Chains                                                               ; On                 ; On                 ;
; Auto Open-Drain Pins                                                            ; On                 ; On                 ;
; Perform WYSIWYG Primitive Resynthesis                                           ; Off                ; Off                ;
; Auto ROM Replacement                                                            ; On                 ; On                 ;
; Auto RAM Replacement                                                            ; On                 ; On                 ;
; Auto DSP Block Replacement                                                      ; On                 ; On                 ;
; Auto Shift Register Replacement                                                 ; Auto               ; Auto               ;
; Allow Shift Register Merging across Hierarchies                                 ; Auto               ; Auto               ;
; Auto Clock Enable Replacement                                                   ; On                 ; On                 ;
; Strict RAM Replacement                                                          ; Off                ; Off                ;
; Allow Synchronous Control Signals                                               ; On                 ; On                 ;
; Force Use of Synchronous Clear Signals                                          ; Off                ; Off                ;
; Auto Resource Sharing                                                           ; Off                ; Off                ;
; Allow Any RAM Size For Recognition                                              ; Off                ; Off                ;
; Allow Any ROM Size For Recognition                                              ; Off                ; Off                ;
; Allow Any Shift Register Size For Recognition                                   ; Off                ; Off                ;
; Use LogicLock Constraints during Resource Balancing                             ; On                 ; On                 ;
; Ignore translate_off and synthesis_off directives                               ; Off                ; Off                ;
; Timing-Driven Synthesis                                                         ; On                 ; On                 ;
; Report Parameter Settings                                                       ; On                 ; On                 ;
; Report Source Assignments                                                       ; On                 ; On                 ;
; Report Connectivity Checks                                                      ; On                 ; On                 ;
; Ignore Maximum Fan-Out Assignments                                              ; Off                ; Off                ;
; Synchronization Register Chain Length                                           ; 3                  ; 3                  ;
; Power Optimization During Synthesis                                             ; Normal compilation ; Normal compilation ;
; HDL message level                                                               ; Level2             ; Level2             ;
; Suppress Register Optimization Related Messages                                 ; Off                ; Off                ;
; Number of Removed Registers Reported in Synthesis Report                        ; 5000               ; 5000               ;
; Number of Swept Nodes Reported in Synthesis Report                              ; 5000               ; 5000               ;
; Number of Inverted Registers Reported in Synthesis Report                       ; 100                ; 100                ;
; Clock MUX Protection                                                            ; On                 ; On                 ;
; Auto Gated Clock Conversion                                                     ; Off                ; Off                ;
; Block Design Naming                                                             ; Auto               ; Auto               ;
; SDC constraint protection                                                       ; Off                ; Off                ;
; Synthesis Effort                                                                ; Auto               ; Auto               ;
; Shift Register Replacement - Allow Asynchronous Clear Signal                    ; On                 ; On                 ;
; Pre-Mapping Resynthesis Optimization                                            ; Off                ; Off                ;
; Analysis & Synthesis Message Level                                              ; Medium             ; Medium             ;
; Disable Register Merging Across Hierarchies                                     ; Auto               ; Auto               ;
; Resource Aware Inference For Block RAM                                          ; On                 ; On                 ;
; Automatic Parallel Synthesis                                                    ; On                 ; On                 ;
; Partial Reconfiguration Bitstream ID                                            ; Off                ; Off                ;
+---------------------------------------------------------------------------------+--------------------+--------------------+


+------------------------------------------+
; Parallel Compilation                     ;
+----------------------------+-------------+
; Processors                 ; Number      ;
+----------------------------+-------------+
; Number detected on machine ; 4           ;
; Maximum allowed            ; 2           ;
;                            ;             ;
; Average used               ; 1.00        ;
; Maximum used               ; 2           ;
;                            ;             ;
; Usage by Processor         ; % Time Used ;
;     Processor 1            ; 100.0%      ;
;     Processor 2            ;   0.1%      ;
+----------------------------+-------------+


+----------------------------------------------------------------------------------------------------------------------+
; Analysis & Synthesis Source Files Read                                                                               ;
+----------------------------------+-----------------+------------------------+------------------------------+---------+
; File Name with User-Entered Path ; Used in Netlist ; File Type              ; File Name with Absolute Path ; Library ;
+----------------------------------+-----------------+------------------------+------------------------------+---------+
; shifter.v                        ; yes             ; User Verilog HDL File  ; D:/CPEN211/lab6/shifter.v    ;         ;
; regfile.v                        ; yes             ; User Verilog HDL File  ; D:/CPEN211/lab6/regfile.v    ;         ;
; lab6_top.v                       ; yes             ; User Verilog HDL File  ; D:/CPEN211/lab6/lab6_top.v   ;         ;
; datapath.v                       ; yes             ; User Verilog HDL File  ; D:/CPEN211/lab6/datapath.v   ;         ;
; cpu.v                            ; yes             ; User Verilog HDL File  ; D:/CPEN211/lab6/cpu.v        ;         ;
; alu.v                            ; yes             ; User Verilog HDL File  ; D:/CPEN211/lab6/alu.v        ;         ;
+----------------------------------+-----------------+------------------------+------------------------------+---------+


+------------------------------------------------------------+
; Analysis & Synthesis Resource Usage Summary                ;
+---------------------------------------------+--------------+
; Resource                                    ; Usage        ;
+---------------------------------------------+--------------+
; Estimate of Logic utilization (ALMs needed) ; 171          ;
;                                             ;              ;
; Combinational ALUT usage for logic          ; 236          ;
;     -- 7 input functions                    ; 14           ;
;     -- 6 input functions                    ; 30           ;
;     -- 5 input functions                    ; 68           ;
;     -- 4 input functions                    ; 70           ;
;     -- <=3 input functions                  ; 54           ;
;                                             ;              ;
; Dedicated logic registers                   ; 223          ;
;                                             ;              ;
; I/O pins                                    ; 67           ;
;                                             ;              ;
; Total DSP Blocks                            ; 0            ;
;                                             ;              ;
; Maximum fan-out node                        ; KEY[0]~input ;
; Maximum fan-out                             ; 207          ;
; Total fan-out                               ; 1844         ;
; Average fan-out                             ; 3.11         ;
+---------------------------------------------+--------------+


+---------------------------------------------------------------------------------------------------------------------------------------------------------------------------------------------------------------------------------------------+
; Analysis & Synthesis Resource Utilization by Entity                                                                                                                                                                                         ;
+--------------------------------------+---------------------+---------------------------+-------------------+------------+------+--------------+-------------------------------------------------------+----------------------+--------------+
; Compilation Hierarchy Node           ; Combinational ALUTs ; Dedicated Logic Registers ; Block Memory Bits ; DSP Blocks ; Pins ; Virtual Pins ; Full Hierarchy Name                                   ; Entity Name          ; Library Name ;
+--------------------------------------+---------------------+---------------------------+-------------------+------------+------+--------------+-------------------------------------------------------+----------------------+--------------+
; |lab6_top                            ; 236 (0)             ; 223 (0)                   ; 0                 ; 0          ; 67   ; 0            ; |lab6_top                                             ; lab6_top             ; work         ;
;    |cpu:U|                           ; 200 (0)             ; 207 (0)                   ; 0                 ; 0          ; 0    ; 0            ; |lab6_top|cpu:U                                       ; cpu                  ; work         ;
;       |FSM:fsm|                      ; 16 (16)             ; 12 (12)                   ; 0                 ; 0          ; 0    ; 0            ; |lab6_top|cpu:U|FSM:fsm                               ; FSM                  ; work         ;
;       |datapath:DP|                  ; 181 (0)             ; 179 (0)                   ; 0                 ; 0          ; 0    ; 0            ; |lab6_top|cpu:U|datapath:DP                           ; datapath             ; work         ;
;          |ALU:u2|                    ; 56 (56)             ; 0 (0)                     ; 0                 ; 0          ; 0    ; 0            ; |lab6_top|cpu:U|datapath:DP|ALU:u2                    ; ALU                  ; work         ;
;          |Mux2:ainMux|               ; 1 (1)               ; 0 (0)                     ; 0                 ; 0          ; 0    ; 0            ; |lab6_top|cpu:U|datapath:DP|Mux2:ainMux               ; Mux2                 ; work         ;
;          |Mux4:data_input|           ; 16 (16)             ; 0 (0)                     ; 0                 ; 0          ; 0    ; 0            ; |lab6_top|cpu:U|datapath:DP|Mux4:data_input           ; Mux4                 ; work         ;
;          |RLE:rleA|                  ; 0 (0)               ; 16 (16)                   ; 0                 ; 0          ; 0    ; 0            ; |lab6_top|cpu:U|datapath:DP|RLE:rleA                  ; RLE                  ; work         ;
;          |RLE:rleB|                  ; 0 (0)               ; 16 (16)                   ; 0                 ; 0          ; 0    ; 0            ; |lab6_top|cpu:U|datapath:DP|RLE:rleB                  ; RLE                  ; work         ;
;          |RLE:rlec|                  ; 0 (0)               ; 16 (16)                   ; 0                 ; 0          ; 0    ; 0            ; |lab6_top|cpu:U|datapath:DP|RLE:rlec                  ; RLE                  ; work         ;
;          |RLE:status|                ; 0 (0)               ; 3 (3)                     ; 0                 ; 0          ; 0    ; 0            ; |lab6_top|cpu:U|datapath:DP|RLE:status                ; RLE                  ; work         ;
;          |regfile:REGFILE|           ; 77 (8)              ; 128 (0)                   ; 0                 ; 0          ; 0    ; 0            ; |lab6_top|cpu:U|datapath:DP|regfile:REGFILE           ; regfile              ; work         ;
;             |Dec:dec2|               ; 5 (5)               ; 0 (0)                     ; 0                 ; 0          ; 0    ; 0            ; |lab6_top|cpu:U|datapath:DP|regfile:REGFILE|Dec:dec2  ; Dec                  ; work         ;
;             |Mux8:mux1|              ; 64 (64)             ; 0 (0)                     ; 0                 ; 0          ; 0    ; 0            ; |lab6_top|cpu:U|datapath:DP|regfile:REGFILE|Mux8:mux1 ; Mux8                 ; work         ;
;             |RLE:r0|                 ; 0 (0)               ; 16 (16)                   ; 0                 ; 0          ; 0    ; 0            ; |lab6_top|cpu:U|datapath:DP|regfile:REGFILE|RLE:r0    ; RLE                  ; work         ;
;             |RLE:r1|                 ; 0 (0)               ; 16 (16)                   ; 0                 ; 0          ; 0    ; 0            ; |lab6_top|cpu:U|datapath:DP|regfile:REGFILE|RLE:r1    ; RLE                  ; work         ;
;             |RLE:r2|                 ; 0 (0)               ; 16 (16)                   ; 0                 ; 0          ; 0    ; 0            ; |lab6_top|cpu:U|datapath:DP|regfile:REGFILE|RLE:r2    ; RLE                  ; work         ;
;             |RLE:r3|                 ; 0 (0)               ; 16 (16)                   ; 0                 ; 0          ; 0    ; 0            ; |lab6_top|cpu:U|datapath:DP|regfile:REGFILE|RLE:r3    ; RLE                  ; work         ;
;             |RLE:r4|                 ; 0 (0)               ; 16 (16)                   ; 0                 ; 0          ; 0    ; 0            ; |lab6_top|cpu:U|datapath:DP|regfile:REGFILE|RLE:r4    ; RLE                  ; work         ;
;             |RLE:r5|                 ; 0 (0)               ; 16 (16)                   ; 0                 ; 0          ; 0    ; 0            ; |lab6_top|cpu:U|datapath:DP|regfile:REGFILE|RLE:r5    ; RLE                  ; work         ;
;             |RLE:r6|                 ; 0 (0)               ; 16 (16)                   ; 0                 ; 0          ; 0    ; 0            ; |lab6_top|cpu:U|datapath:DP|regfile:REGFILE|RLE:r6    ; RLE                  ; work         ;
;             |RLE:r7|                 ; 0 (0)               ; 16 (16)                   ; 0                 ; 0          ; 0    ; 0            ; |lab6_top|cpu:U|datapath:DP|regfile:REGFILE|RLE:r7    ; RLE                  ; work         ;
;          |shifter:shifter|           ; 31 (31)             ; 0 (0)                     ; 0                 ; 0          ; 0    ; 0            ; |lab6_top|cpu:U|datapath:DP|shifter:shifter           ; shifter              ; work         ;
;       |instruction_decoder:ins_dec|  ; 3 (3)               ; 0 (0)                     ; 0                 ; 0          ; 0    ; 0            ; |lab6_top|cpu:U|instruction_decoder:ins_dec           ; instruction_decoder  ; work         ;
;       |instruction_register:ins_reg| ; 0 (0)               ; 16 (16)                   ; 0                 ; 0          ; 0    ; 0            ; |lab6_top|cpu:U|instruction_register:ins_reg          ; instruction_register ; work         ;
;    |input_iface:IN|                  ; 8 (8)               ; 16 (0)                    ; 0                 ; 0          ; 0    ; 0            ; |lab6_top|input_iface:IN                              ; input_iface          ; work         ;
;       |vDFF:REG|                     ; 0 (0)               ; 16 (16)                   ; 0                 ; 0          ; 0    ; 0            ; |lab6_top|input_iface:IN|vDFF:REG                     ; vDFF                 ; work         ;
;    |sseg:H0|                         ; 7 (7)               ; 0 (0)                     ; 0                 ; 0          ; 0    ; 0            ; |lab6_top|sseg:H0                                     ; sseg                 ; work         ;
;    |sseg:H1|                         ; 7 (7)               ; 0 (0)                     ; 0                 ; 0          ; 0    ; 0            ; |lab6_top|sseg:H1                                     ; sseg                 ; work         ;
;    |sseg:H2|                         ; 7 (7)               ; 0 (0)                     ; 0                 ; 0          ; 0    ; 0            ; |lab6_top|sseg:H2                                     ; sseg                 ; work         ;
;    |sseg:H3|                         ; 7 (7)               ; 0 (0)                     ; 0                 ; 0          ; 0    ; 0            ; |lab6_top|sseg:H3                                     ; sseg                 ; work         ;
+--------------------------------------+---------------------+---------------------------+-------------------+------------+------+--------------+-------------------------------------------------------+----------------------+--------------+
Note: For table entries with two numbers listed, the numbers in parentheses indicate the number of resources of the given type used by the specific entity alone. The numbers listed outside of parentheses indicate the total resources of the given type used by the specific entity and all of its sub-entities in the hierarchy.


Encoding Type:  One-Hot
+-----------------------------------------------------------------------------------------------------------+
; State Machine - |lab6_top|cpu:U|FSM:fsm|state                                                             ;
+-----------+-----------+-----------+-----------+-----------+-----------+-----------+-----------+-----------+
; Name      ; state.111 ; state.110 ; state.101 ; state.100 ; state.011 ; state.010 ; state.001 ; state.000 ;
+-----------+-----------+-----------+-----------+-----------+-----------+-----------+-----------+-----------+
; state.000 ; 0         ; 0         ; 0         ; 0         ; 0         ; 0         ; 0         ; 0         ;
; state.001 ; 0         ; 0         ; 0         ; 0         ; 0         ; 0         ; 1         ; 1         ;
; state.010 ; 0         ; 0         ; 0         ; 0         ; 0         ; 1         ; 0         ; 1         ;
; state.011 ; 0         ; 0         ; 0         ; 0         ; 1         ; 0         ; 0         ; 1         ;
; state.100 ; 0         ; 0         ; 0         ; 1         ; 0         ; 0         ; 0         ; 1         ;
; state.101 ; 0         ; 0         ; 1         ; 0         ; 0         ; 0         ; 0         ; 1         ;
; state.110 ; 0         ; 1         ; 0         ; 0         ; 0         ; 0         ; 0         ; 1         ;
; state.111 ; 1         ; 0         ; 0         ; 0         ; 0         ; 0         ; 0         ; 1         ;
+-----------+-----------+-----------+-----------+-----------+-----------+-----------+-----------+-----------+


+---------------------------------------------------------------------------------+
; Registers Removed During Synthesis                                              ;
+----------------------------------------+----------------------------------------+
; Register name                          ; Reason for Removal                     ;
+----------------------------------------+----------------------------------------+
; cpu:U|FSM:fsm|vsel[0]                  ; Stuck at GND due to stuck port data_in ;
; cpu:U|FSM:fsm|bsel                     ; Stuck at GND due to stuck port data_in ;
; cpu:U|FSM:fsm|nsel[2]                  ; Merged with cpu:U|FSM:fsm|loadb        ;
; cpu:U|FSM:fsm|state~2                  ; Lost fanout                            ;
; cpu:U|FSM:fsm|state~3                  ; Lost fanout                            ;
; cpu:U|FSM:fsm|state~4                  ; Lost fanout                            ;
; cpu:U|FSM:fsm|state.100                ; Merged with cpu:U|FSM:fsm|loads        ;
; cpu:U|FSM:fsm|state.110                ; Merged with cpu:U|FSM:fsm|nsel[1]      ;
; cpu:U|FSM:fsm|vsel[1]                  ; Merged with cpu:U|FSM:fsm|state.111    ;
; cpu:U|FSM:fsm|state.011                ; Merged with cpu:U|FSM:fsm|asel         ;
; cpu:U|FSM:fsm|state.010                ; Merged with cpu:U|FSM:fsm|loadb        ;
; cpu:U|FSM:fsm|state.001                ; Merged with cpu:U|FSM:fsm|loada        ;
; Total Number of Removed Registers = 12 ;                                        ;
+----------------------------------------+----------------------------------------+


+------------------------------------------------------+
; General Register Statistics                          ;
+----------------------------------------------+-------+
; Statistic                                    ; Value ;
+----------------------------------------------+-------+
; Total registers                              ; 223   ;
; Number of registers using Synchronous Clear  ; 0     ;
; Number of registers using Synchronous Load   ; 0     ;
; Number of registers using Asynchronous Clear ; 0     ;
; Number of registers using Asynchronous Load  ; 0     ;
; Number of registers using Clock Enable       ; 211   ;
; Number of registers using Preset             ; 0     ;
+----------------------------------------------+-------+


+----------------------------------------------------------------------------------------------------------------------------------------------------------------+
; Multiplexer Restructuring Statistics (Restructuring Performed)                                                                                                 ;
+--------------------+-----------+---------------+----------------------+------------------------+------------+--------------------------------------------------+
; Multiplexer Inputs ; Bus Width ; Baseline Area ; Area if Restructured ; Saving if Restructured ; Registered ; Example Multiplexer Output                       ;
+--------------------+-----------+---------------+----------------------+------------------------+------------+--------------------------------------------------+
; 3:1                ; 2 bits    ; 4 LEs         ; 4 LEs                ; 0 LEs                  ; No         ; |lab6_top|cpu:U|FSM:fsm|state                    ;
; 4:1                ; 16 bits   ; 32 LEs        ; 32 LEs               ; 0 LEs                  ; No         ; |lab6_top|cpu:U|datapath:DP|ALU:u2|Mux10         ;
; 4:1                ; 14 bits   ; 28 LEs        ; 28 LEs               ; 0 LEs                  ; No         ; |lab6_top|cpu:U|datapath:DP|shifter:shifter|Mux1 ;
; 4:1                ; 2 bits    ; 4 LEs         ; 4 LEs                ; 0 LEs                  ; No         ; |lab6_top|cpu:U|FSM:fsm|state                    ;
+--------------------+-----------+---------------+----------------------+------------------------+------------+--------------------------------------------------+


+----------------------------------------------------------------------+
; Parameter Settings for User Entity Instance: input_iface:IN|vDFF:REG ;
+----------------+-------+---------------------------------------------+
; Parameter Name ; Value ; Type                                        ;
+----------------+-------+---------------------------------------------+
; n              ; 16    ; Signed Integer                              ;
+----------------+-------+---------------------------------------------+
Note: In order to hide this table in the UI and the text report file, please set the "Show Parameter Settings in Synthesis Report" option in "Analysis and Synthesis Settings -> More Settings" to "Off".


+--------------------------------------------------------------------------------+
; Parameter Settings for User Entity Instance: cpu:U|datapath:DP|Mux4:data_input ;
+----------------+-------+-------------------------------------------------------+
; Parameter Name ; Value ; Type                                                  ;
+----------------+-------+-------------------------------------------------------+
; k              ; 16    ; Signed Integer                                        ;
+----------------+-------+-------------------------------------------------------+
Note: In order to hide this table in the UI and the text report file, please set the "Show Parameter Settings in Synthesis Report" option in "Analysis and Synthesis Settings -> More Settings" to "Off".


+-----------------------------------------------------------------------------------------+
; Parameter Settings for User Entity Instance: cpu:U|datapath:DP|regfile:REGFILE|Dec:dec1 ;
+----------------+-------+----------------------------------------------------------------+
; Parameter Name ; Value ; Type                                                           ;
+----------------+-------+----------------------------------------------------------------+
; n              ; 3     ; Signed Integer                                                 ;
; m              ; 8     ; Signed Integer                                                 ;
+----------------+-------+----------------------------------------------------------------+
Note: In order to hide this table in the UI and the text report file, please set the "Show Parameter Settings in Synthesis Report" option in "Analysis and Synthesis Settings -> More Settings" to "Off".


+---------------------------------------------------------------------------------------+
; Parameter Settings for User Entity Instance: cpu:U|datapath:DP|regfile:REGFILE|RLE:r0 ;
+----------------+-------+--------------------------------------------------------------+
; Parameter Name ; Value ; Type                                                         ;
+----------------+-------+--------------------------------------------------------------+
; n              ; 16    ; Signed Integer                                               ;
+----------------+-------+--------------------------------------------------------------+
Note: In order to hide this table in the UI and the text report file, please set the "Show Parameter Settings in Synthesis Report" option in "Analysis and Synthesis Settings -> More Settings" to "Off".


+---------------------------------------------------------------------------------------+
; Parameter Settings for User Entity Instance: cpu:U|datapath:DP|regfile:REGFILE|RLE:r1 ;
+----------------+-------+--------------------------------------------------------------+
; Parameter Name ; Value ; Type                                                         ;
+----------------+-------+--------------------------------------------------------------+
; n              ; 16    ; Signed Integer                                               ;
+----------------+-------+--------------------------------------------------------------+
Note: In order to hide this table in the UI and the text report file, please set the "Show Parameter Settings in Synthesis Report" option in "Analysis and Synthesis Settings -> More Settings" to "Off".


+---------------------------------------------------------------------------------------+
; Parameter Settings for User Entity Instance: cpu:U|datapath:DP|regfile:REGFILE|RLE:r2 ;
+----------------+-------+--------------------------------------------------------------+
; Parameter Name ; Value ; Type                                                         ;
+----------------+-------+--------------------------------------------------------------+
; n              ; 16    ; Signed Integer                                               ;
+----------------+-------+--------------------------------------------------------------+
Note: In order to hide this table in the UI and the text report file, please set the "Show Parameter Settings in Synthesis Report" option in "Analysis and Synthesis Settings -> More Settings" to "Off".


+---------------------------------------------------------------------------------------+
; Parameter Settings for User Entity Instance: cpu:U|datapath:DP|regfile:REGFILE|RLE:r3 ;
+----------------+-------+--------------------------------------------------------------+
; Parameter Name ; Value ; Type                                                         ;
+----------------+-------+--------------------------------------------------------------+
; n              ; 16    ; Signed Integer                                               ;
+----------------+-------+--------------------------------------------------------------+
Note: In order to hide this table in the UI and the text report file, please set the "Show Parameter Settings in Synthesis Report" option in "Analysis and Synthesis Settings -> More Settings" to "Off".


+---------------------------------------------------------------------------------------+
; Parameter Settings for User Entity Instance: cpu:U|datapath:DP|regfile:REGFILE|RLE:r4 ;
+----------------+-------+--------------------------------------------------------------+
; Parameter Name ; Value ; Type                                                         ;
+----------------+-------+--------------------------------------------------------------+
; n              ; 16    ; Signed Integer                                               ;
+----------------+-------+--------------------------------------------------------------+
Note: In order to hide this table in the UI and the text report file, please set the "Show Parameter Settings in Synthesis Report" option in "Analysis and Synthesis Settings -> More Settings" to "Off".


+---------------------------------------------------------------------------------------+
; Parameter Settings for User Entity Instance: cpu:U|datapath:DP|regfile:REGFILE|RLE:r5 ;
+----------------+-------+--------------------------------------------------------------+
; Parameter Name ; Value ; Type                                                         ;
+----------------+-------+--------------------------------------------------------------+
; n              ; 16    ; Signed Integer                                               ;
+----------------+-------+--------------------------------------------------------------+
Note: In order to hide this table in the UI and the text report file, please set the "Show Parameter Settings in Synthesis Report" option in "Analysis and Synthesis Settings -> More Settings" to "Off".


+---------------------------------------------------------------------------------------+
; Parameter Settings for User Entity Instance: cpu:U|datapath:DP|regfile:REGFILE|RLE:r6 ;
+----------------+-------+--------------------------------------------------------------+
; Parameter Name ; Value ; Type                                                         ;
+----------------+-------+--------------------------------------------------------------+
; n              ; 16    ; Signed Integer                                               ;
+----------------+-------+--------------------------------------------------------------+
Note: In order to hide this table in the UI and the text report file, please set the "Show Parameter Settings in Synthesis Report" option in "Analysis and Synthesis Settings -> More Settings" to "Off".


+---------------------------------------------------------------------------------------+
; Parameter Settings for User Entity Instance: cpu:U|datapath:DP|regfile:REGFILE|RLE:r7 ;
+----------------+-------+--------------------------------------------------------------+
; Parameter Name ; Value ; Type                                                         ;
+----------------+-------+--------------------------------------------------------------+
; n              ; 16    ; Signed Integer                                               ;
+----------------+-------+--------------------------------------------------------------+
Note: In order to hide this table in the UI and the text report file, please set the "Show Parameter Settings in Synthesis Report" option in "Analysis and Synthesis Settings -> More Settings" to "Off".


+-----------------------------------------------------------------------------------------+
; Parameter Settings for User Entity Instance: cpu:U|datapath:DP|regfile:REGFILE|Dec:dec2 ;
+----------------+-------+----------------------------------------------------------------+
; Parameter Name ; Value ; Type                                                           ;
+----------------+-------+----------------------------------------------------------------+
; n              ; 3     ; Signed Integer                                                 ;
; m              ; 8     ; Signed Integer                                                 ;
+----------------+-------+----------------------------------------------------------------+
Note: In order to hide this table in the UI and the text report file, please set the "Show Parameter Settings in Synthesis Report" option in "Analysis and Synthesis Settings -> More Settings" to "Off".


+------------------------------------------------------------------------------------------+
; Parameter Settings for User Entity Instance: cpu:U|datapath:DP|regfile:REGFILE|Mux8:mux1 ;
+----------------+-------+-----------------------------------------------------------------+
; Parameter Name ; Value ; Type                                                            ;
+----------------+-------+-----------------------------------------------------------------+
; k              ; 16    ; Signed Integer                                                  ;
+----------------+-------+-----------------------------------------------------------------+
Note: In order to hide this table in the UI and the text report file, please set the "Show Parameter Settings in Synthesis Report" option in "Analysis and Synthesis Settings -> More Settings" to "Off".


+-------------------------------------------------------------------------+
; Parameter Settings for User Entity Instance: cpu:U|datapath:DP|RLE:rleA ;
+----------------+-------+------------------------------------------------+
; Parameter Name ; Value ; Type                                           ;
+----------------+-------+------------------------------------------------+
; n              ; 16    ; Signed Integer                                 ;
+----------------+-------+------------------------------------------------+
Note: In order to hide this table in the UI and the text report file, please set the "Show Parameter Settings in Synthesis Report" option in "Analysis and Synthesis Settings -> More Settings" to "Off".


+-------------------------------------------------------------------------+
; Parameter Settings for User Entity Instance: cpu:U|datapath:DP|RLE:rleB ;
+----------------+-------+------------------------------------------------+
; Parameter Name ; Value ; Type                                           ;
+----------------+-------+------------------------------------------------+
; n              ; 16    ; Signed Integer                                 ;
+----------------+-------+------------------------------------------------+
Note: In order to hide this table in the UI and the text report file, please set the "Show Parameter Settings in Synthesis Report" option in "Analysis and Synthesis Settings -> More Settings" to "Off".


+----------------------------------------------------------------------------+
; Parameter Settings for User Entity Instance: cpu:U|datapath:DP|Mux2:ainMux ;
+----------------+-------+---------------------------------------------------+
; Parameter Name ; Value ; Type                                              ;
+----------------+-------+---------------------------------------------------+
; k              ; 16    ; Signed Integer                                    ;
+----------------+-------+---------------------------------------------------+
Note: In order to hide this table in the UI and the text report file, please set the "Show Parameter Settings in Synthesis Report" option in "Analysis and Synthesis Settings -> More Settings" to "Off".


+----------------------------------------------------------------------------+
; Parameter Settings for User Entity Instance: cpu:U|datapath:DP|Mux2:binMux ;
+----------------+-------+---------------------------------------------------+
; Parameter Name ; Value ; Type                                              ;
+----------------+-------+---------------------------------------------------+
; k              ; 16    ; Signed Integer                                    ;
+----------------+-------+---------------------------------------------------+
Note: In order to hide this table in the UI and the text report file, please set the "Show Parameter Settings in Synthesis Report" option in "Analysis and Synthesis Settings -> More Settings" to "Off".


+---------------------------------------------------------------------------+
; Parameter Settings for User Entity Instance: cpu:U|datapath:DP|RLE:status ;
+----------------+-------+--------------------------------------------------+
; Parameter Name ; Value ; Type                                             ;
+----------------+-------+--------------------------------------------------+
; n              ; 3     ; Signed Integer                                   ;
+----------------+-------+--------------------------------------------------+
Note: In order to hide this table in the UI and the text report file, please set the "Show Parameter Settings in Synthesis Report" option in "Analysis and Synthesis Settings -> More Settings" to "Off".


+-------------------------------------------------------------------------+
; Parameter Settings for User Entity Instance: cpu:U|datapath:DP|RLE:rlec ;
+----------------+-------+------------------------------------------------+
; Parameter Name ; Value ; Type                                           ;
+----------------+-------+------------------------------------------------+
; n              ; 16    ; Signed Integer                                 ;
+----------------+-------+------------------------------------------------+
Note: In order to hide this table in the UI and the text report file, please set the "Show Parameter Settings in Synthesis Report" option in "Analysis and Synthesis Settings -> More Settings" to "Off".


+-----------------------------------------------------------+
; Port Connectivity Checks: "cpu:U|datapath:DP|Mux2:ainMux" ;
+------+-------+----------+---------------------------------+
; Port ; Type  ; Severity ; Details                         ;
+------+-------+----------+---------------------------------+
; a1   ; Input ; Info     ; Stuck at GND                    ;
+------+-------+----------+---------------------------------+


+-----------------------------------------------+
; Port Connectivity Checks: "cpu:U|datapath:DP" ;
+-------+-------+----------+--------------------+
; Port  ; Type  ; Severity ; Details            ;
+-------+-------+----------+--------------------+
; mdata ; Input ; Info     ; Stuck at GND       ;
; PC    ; Input ; Info     ; Stuck at GND       ;
+-------+-------+----------+--------------------+


+-----------------------------------------------------+
; Post-Synthesis Netlist Statistics for Top Partition ;
+-----------------------+-----------------------------+
; Type                  ; Count                       ;
+-----------------------+-----------------------------+
; arriav_ff             ; 223                         ;
;     ENA               ; 211                         ;
;     plain             ; 12                          ;
; arriav_lcell_comb     ; 245                         ;
;     arith             ; 33                          ;
;         0 data inputs ; 1                           ;
;         5 data inputs ; 32                          ;
;     extend            ; 14                          ;
;         7 data inputs ; 14                          ;
;     normal            ; 198                         ;
;         0 data inputs ; 2                           ;
;         1 data inputs ; 8                           ;
;         2 data inputs ; 6                           ;
;         3 data inputs ; 46                          ;
;         4 data inputs ; 70                          ;
;         5 data inputs ; 36                          ;
;         6 data inputs ; 30                          ;
; boundary_port         ; 67                          ;
;                       ;                             ;
; Max LUT depth         ; 6.40                        ;
; Average LUT depth     ; 3.10                        ;
+-----------------------+-----------------------------+


+-------------------------------+
; Elapsed Time Per Partition    ;
+----------------+--------------+
; Partition Name ; Elapsed Time ;
+----------------+--------------+
; Top            ; 00:00:04     ;
+----------------+--------------+


+-------------------------------+
; Analysis & Synthesis Messages ;
+-------------------------------+
Info: *******************************************************************
Info: Running Quartus Prime Analysis & Synthesis
    Info: Version 18.1.0 Build 625 09/12/2018 SJ Lite Edition
    Info: Processing started: Thu Dec 02 19:27:14 2021
Info: Command: quartus_map --read_settings_files=on --write_settings_files=off lab6_top -c lab6_top
Warning (18236): Number of processors has not been specified which may cause overloading on shared machines.  Set the global assignment NUM_PARALLEL_PROCESSORS in your QSF to an appropriate value for best performance.
Info (20030): Parallel compilation is enabled and will use 2 of the 2 processors detected
Info (12021): Found 1 design units, including 1 entities, in source file shifter.v
    Info (12023): Found entity 1: shifter File: D:/CPEN211/lab6/shifter.v Line: 1
Info (12021): Found 4 design units, including 4 entities, in source file regfile.v
    Info (12023): Found entity 1: regfile File: D:/CPEN211/lab6/regfile.v Line: 1
    Info (12023): Found entity 2: Dec File: D:/CPEN211/lab6/regfile.v Line: 32
    Info (12023): Found entity 3: RLE File: D:/CPEN211/lab6/regfile.v Line: 43
    Info (12023): Found entity 4: Mux8 File: D:/CPEN211/lab6/regfile.v Line: 60
Info (12021): Found 4 design units, including 4 entities, in source file lab6_top.v
    Info (12023): Found entity 1: lab6_top File: D:/CPEN211/lab6/lab6_top.v Line: 32
    Info (12023): Found entity 2: input_iface File: D:/CPEN211/lab6/lab6_top.v Line: 68
    Info (12023): Found entity 3: vDFF File: D:/CPEN211/lab6/lab6_top.v Line: 79
    Info (12023): Found entity 4: sseg File: D:/CPEN211/lab6/lab6_top.v Line: 96
Info (12021): Found 1 design units, including 1 entities, in source file lab6_autograder_check.v
    Info (12023): Found entity 1: lab6_check File: D:/CPEN211/lab6/lab6_autograder_check.v Line: 11
Info (12021): Found 3 design units, including 3 entities, in source file datapath.v
    Info (12023): Found entity 1: datapath File: D:/CPEN211/lab6/datapath.v Line: 1
    Info (12023): Found entity 2: Mux4 File: D:/CPEN211/lab6/datapath.v Line: 28
    Info (12023): Found entity 3: Mux2 File: D:/CPEN211/lab6/datapath.v Line: 45
Info (12021): Found 4 design units, including 4 entities, in source file cpu.v
    Info (12023): Found entity 1: cpu File: D:/CPEN211/lab6/cpu.v Line: 1
    Info (12023): Found entity 2: instruction_register File: D:/CPEN211/lab6/cpu.v Line: 45
    Info (12023): Found entity 3: instruction_decoder File: D:/CPEN211/lab6/cpu.v Line: 55
    Info (12023): Found entity 4: FSM File: D:/CPEN211/lab6/cpu.v Line: 74
Info (12021): Found 1 design units, including 1 entities, in source file alu.v
    Info (12023): Found entity 1: ALU File: D:/CPEN211/lab6/alu.v Line: 1
Info (12127): Elaborating entity "lab6_top" for the top level hierarchy
Info (12128): Elaborating entity "input_iface" for hierarchy "input_iface:IN" File: D:/CPEN211/lab6/lab6_top.v Line: 40
Info (12128): Elaborating entity "vDFF" for hierarchy "input_iface:IN|vDFF:REG" File: D:/CPEN211/lab6/lab6_top.v Line: 75
Info (12128): Elaborating entity "cpu" for hierarchy "cpu:U" File: D:/CPEN211/lab6/lab6_top.v Line: 52
Info (12128): Elaborating entity "instruction_register" for hierarchy "cpu:U|instruction_register:ins_reg" File: D:/CPEN211/lab6/cpu.v Line: 33
Info (12128): Elaborating entity "instruction_decoder" for hierarchy "cpu:U|instruction_decoder:ins_dec" File: D:/CPEN211/lab6/cpu.v Line: 34
Info (12128): Elaborating entity "datapath" for hierarchy "cpu:U|datapath:DP" File: D:/CPEN211/lab6/cpu.v Line: 35
Info (12128): Elaborating entity "Mux4" for hierarchy "cpu:U|datapath:DP|Mux4:data_input" File: D:/CPEN211/lab6/datapath.v Line: 14
Info (12128): Elaborating entity "regfile" for hierarchy "cpu:U|datapath:DP|regfile:REGFILE" File: D:/CPEN211/lab6/datapath.v Line: 15
Info (12128): Elaborating entity "Dec" for hierarchy "cpu:U|datapath:DP|regfile:REGFILE|Dec:dec1" File: D:/CPEN211/lab6/regfile.v Line: 11
Warning (10230): Verilog HDL assignment warning at regfile.v(39): truncated value with size 32 to match size of target (8) File: D:/CPEN211/lab6/regfile.v Line: 39
Info (12128): Elaborating entity "RLE" for hierarchy "cpu:U|datapath:DP|regfile:REGFILE|RLE:r0" File: D:/CPEN211/lab6/regfile.v Line: 14
Info (12128): Elaborating entity "Mux8" for hierarchy "cpu:U|datapath:DP|regfile:REGFILE|Mux8:mux1" File: D:/CPEN211/lab6/regfile.v Line: 27
Info (12128): Elaborating entity "shifter" for hierarchy "cpu:U|datapath:DP|shifter:shifter" File: D:/CPEN211/lab6/datapath.v Line: 18
Info (12128): Elaborating entity "Mux2" for hierarchy "cpu:U|datapath:DP|Mux2:ainMux" File: D:/CPEN211/lab6/datapath.v Line: 19
Info (12128): Elaborating entity "ALU" for hierarchy "cpu:U|datapath:DP|ALU:u2" File: D:/CPEN211/lab6/datapath.v Line: 21
Info (12128): Elaborating entity "RLE" for hierarchy "cpu:U|datapath:DP|RLE:status" File: D:/CPEN211/lab6/datapath.v Line: 22
Info (12128): Elaborating entity "FSM" for hierarchy "cpu:U|FSM:fsm" File: D:/CPEN211/lab6/cpu.v Line: 36
Info (12128): Elaborating entity "sseg" for hierarchy "sseg:H0" File: D:/CPEN211/lab6/lab6_top.v Line: 59
Warning (13024): Output pins are stuck at VCC or GND
    Warning (13410): Pin "LEDR[8]" is stuck at GND File: D:/CPEN211/lab6/lab6_top.v Line: 35
    Warning (13410): Pin "HEX4[0]" is stuck at VCC File: D:/CPEN211/lab6/lab6_top.v Line: 36
    Warning (13410): Pin "HEX4[1]" is stuck at VCC File: D:/CPEN211/lab6/lab6_top.v Line: 36
    Warning (13410): Pin "HEX4[2]" is stuck at VCC File: D:/CPEN211/lab6/lab6_top.v Line: 36
    Warning (13410): Pin "HEX4[3]" is stuck at VCC File: D:/CPEN211/lab6/lab6_top.v Line: 36
    Warning (13410): Pin "HEX4[4]" is stuck at VCC File: D:/CPEN211/lab6/lab6_top.v Line: 36
    Warning (13410): Pin "HEX4[5]" is stuck at VCC File: D:/CPEN211/lab6/lab6_top.v Line: 36
    Warning (13410): Pin "HEX4[6]" is stuck at VCC File: D:/CPEN211/lab6/lab6_top.v Line: 36
    Warning (13410): Pin "HEX5[1]" is stuck at VCC File: D:/CPEN211/lab6/lab6_top.v Line: 36
    Warning (13410): Pin "HEX5[2]" is stuck at VCC File: D:/CPEN211/lab6/lab6_top.v Line: 36
    Warning (13410): Pin "HEX5[4]" is stuck at VCC File: D:/CPEN211/lab6/lab6_top.v Line: 36
    Warning (13410): Pin "HEX5[5]" is stuck at VCC File: D:/CPEN211/lab6/lab6_top.v Line: 36
Info (286030): Timing-Driven Synthesis is running
Info (17049): 3 registers lost all their fanouts during netlist optimizations.
Info (144001): Generated suppressed messages file D:/CPEN211/lab6/output_files/lab6_top.map.smsg
Info (16010): Generating hard_block partition "hard_block:auto_generated_inst"
    Info (16011): Adding 0 node(s), including 0 DDIO, 0 PLL, 0 transceiver and 0 LCELL
Warning (21074): Design contains 1 input pin(s) that do not drive logic
    Warning (15610): No output dependent on input pin "SW[8]" File: D:/CPEN211/lab6/lab6_top.v Line: 34
Info (21057): Implemented 513 device resources after synthesis - the final resource count might be different
    Info (21058): Implemented 15 input pins
    Info (21059): Implemented 52 output pins
    Info (21061): Implemented 446 logic cells
Info: Quartus Prime Analysis & Synthesis was successful. 0 errors, 17 warnings
    Info: Peak virtual memory: 4818 megabytes
    Info: Processing ended: Thu Dec 02 19:28:03 2021
    Info: Elapsed time: 00:00:49
    Info: Total CPU time (on all processors): 00:01:11


+------------------------------------------+
; Analysis & Synthesis Suppressed Messages ;
+------------------------------------------+
The suppressed messages can be found in D:/CPEN211/lab6/output_files/lab6_top.map.smsg.


