Analysis & Synthesis report for lab5_top
Sat Nov 20 00:01:38 2021
Quartus Prime Version 18.1.0 Build 625 09/12/2018 SJ Lite Edition


---------------------
; Table of Contents ;
---------------------
  1. Legal Notice
  2. Analysis & Synthesis Summary
  3. Analysis & Synthesis Settings
  4. Parallel Compilation
  5. Analysis & Synthesis Source Files Read
  6. Analysis & Synthesis Resource Usage Summary
  7. Analysis & Synthesis Resource Utilization by Entity
  8. Registers Removed During Synthesis
  9. General Register Statistics
 10. Multiplexer Restructuring Statistics (Restructuring Performed)
 11. Parameter Settings for User Entity Instance: input_iface:IN|vDFF:DATA
 12. Parameter Settings for User Entity Instance: input_iface:IN|vDFF:CTRL
 13. Parameter Settings for User Entity Instance: datapath:DP|regfile:REGFILE|dec:write_dec
 14. Parameter Settings for User Entity Instance: datapath:DP|regfile:REGFILE|dec:read_dec
 15. Parameter Settings for User Entity Instance: datapath:DP|regfile:REGFILE|register:r0
 16. Parameter Settings for User Entity Instance: datapath:DP|regfile:REGFILE|register:r0|vDFF:vdff
 17. Parameter Settings for User Entity Instance: datapath:DP|regfile:REGFILE|register:r1
 18. Parameter Settings for User Entity Instance: datapath:DP|regfile:REGFILE|register:r1|vDFF:vdff
 19. Parameter Settings for User Entity Instance: datapath:DP|regfile:REGFILE|register:r2
 20. Parameter Settings for User Entity Instance: datapath:DP|regfile:REGFILE|register:r2|vDFF:vdff
 21. Parameter Settings for User Entity Instance: datapath:DP|regfile:REGFILE|register:r3
 22. Parameter Settings for User Entity Instance: datapath:DP|regfile:REGFILE|register:r3|vDFF:vdff
 23. Parameter Settings for User Entity Instance: datapath:DP|regfile:REGFILE|register:r4
 24. Parameter Settings for User Entity Instance: datapath:DP|regfile:REGFILE|register:r4|vDFF:vdff
 25. Parameter Settings for User Entity Instance: datapath:DP|regfile:REGFILE|register:r5
 26. Parameter Settings for User Entity Instance: datapath:DP|regfile:REGFILE|register:r5|vDFF:vdff
 27. Parameter Settings for User Entity Instance: datapath:DP|regfile:REGFILE|register:r6
 28. Parameter Settings for User Entity Instance: datapath:DP|regfile:REGFILE|register:r6|vDFF:vdff
 29. Parameter Settings for User Entity Instance: datapath:DP|regfile:REGFILE|register:r7
 30. Parameter Settings for User Entity Instance: datapath:DP|regfile:REGFILE|register:r7|vDFF:vdff
 31. Parameter Settings for User Entity Instance: datapath:DP|register:regA
 32. Parameter Settings for User Entity Instance: datapath:DP|register:regA|vDFF:vdff
 33. Parameter Settings for User Entity Instance: datapath:DP|register:regB
 34. Parameter Settings for User Entity Instance: datapath:DP|register:regB|vDFF:vdff
 35. Parameter Settings for User Entity Instance: datapath:DP|register:status
 36. Parameter Settings for User Entity Instance: datapath:DP|register:status|vDFF:vdff
 37. Parameter Settings for User Entity Instance: datapath:DP|register:regC
 38. Parameter Settings for User Entity Instance: datapath:DP|register:regC|vDFF:vdff
 39. Post-Synthesis Netlist Statistics for Top Partition
 40. Elapsed Time Per Partition
 41. Analysis & Synthesis Messages
 42. Analysis & Synthesis Suppressed Messages



----------------
; Legal Notice ;
----------------
Copyright (C) 2018  Intel Corporation. All rights reserved.
Your use of Intel Corporation's design tools, logic functions 
and other software and tools, and its AMPP partner logic 
functions, and any output files from any of the foregoing 
(including device programming or simulation files), and any 
associated documentation or information are expressly subject 
to the terms and conditions of the Intel Program License 
Subscription Agreement, the Intel Quartus Prime License Agreement,
the Intel FPGA IP License Agreement, or other applicable license
agreement, including, without limitation, that your use is for
the sole purpose of programming logic devices manufactured by
Intel and sold by Intel or its authorized distributors.  Please
refer to the applicable agreement for further details.



+-------------------------------------------------------------------------------+
; Analysis & Synthesis Summary                                                  ;
+---------------------------------+---------------------------------------------+
; Analysis & Synthesis Status     ; Successful - Sat Nov 20 00:01:38 2021       ;
; Quartus Prime Version           ; 18.1.0 Build 625 09/12/2018 SJ Lite Edition ;
; Revision Name                   ; lab5_top                                    ;
; Top-level Entity Name           ; lab5_top                                    ;
; Family                          ; Cyclone V                                   ;
; Logic utilization (in ALMs)     ; N/A                                         ;
; Total registers                 ; 194                                         ;
; Total pins                      ; 67                                          ;
; Total virtual pins              ; 0                                           ;
; Total block memory bits         ; 0                                           ;
; Total DSP Blocks                ; 0                                           ;
; Total HSSI RX PCSs              ; 0                                           ;
; Total HSSI PMA RX Deserializers ; 0                                           ;
; Total HSSI TX PCSs              ; 0                                           ;
; Total HSSI PMA TX Serializers   ; 0                                           ;
; Total PLLs                      ; 0                                           ;
; Total DLLs                      ; 0                                           ;
+---------------------------------+---------------------------------------------+


+---------------------------------------------------------------------------------------------------------------------------+
; Analysis & Synthesis Settings                                                                                             ;
+---------------------------------------------------------------------------------+--------------------+--------------------+
; Option                                                                          ; Setting            ; Default Value      ;
+---------------------------------------------------------------------------------+--------------------+--------------------+
; Device                                                                          ; 5CSEMA5F31C6       ;                    ;
; Top-level entity name                                                           ; lab5_top           ; lab5_top           ;
; Family name                                                                     ; Cyclone V          ; Cyclone V          ;
; Use smart compilation                                                           ; Off                ; Off                ;
; Enable parallel Assembler and Timing Analyzer during compilation                ; On                 ; On                 ;
; Enable compact report table                                                     ; Off                ; Off                ;
; Restructure Multiplexers                                                        ; Auto               ; Auto               ;
; MLAB Add Timing Constraints For Mixed-Port Feed-Through Mode Setting Don't Care ; Off                ; Off                ;
; Create Debugging Nodes for IP Cores                                             ; Off                ; Off                ;
; Preserve fewer node names                                                       ; On                 ; On                 ;
; Intel FPGA IP Evaluation Mode                                                   ; Enable             ; Enable             ;
; Verilog Version                                                                 ; Verilog_2001       ; Verilog_2001       ;
; VHDL Version                                                                    ; VHDL_1993          ; VHDL_1993          ;
; State Machine Processing                                                        ; Auto               ; Auto               ;
; Safe State Machine                                                              ; Off                ; Off                ;
; Extract Verilog State Machines                                                  ; On                 ; On                 ;
; Extract VHDL State Machines                                                     ; On                 ; On                 ;
; Ignore Verilog initial constructs                                               ; Off                ; Off                ;
; Iteration limit for constant Verilog loops                                      ; 5000               ; 5000               ;
; Iteration limit for non-constant Verilog loops                                  ; 250                ; 250                ;
; Add Pass-Through Logic to Inferred RAMs                                         ; On                 ; On                 ;
; Infer RAMs from Raw Logic                                                       ; On                 ; On                 ;
; Parallel Synthesis                                                              ; On                 ; On                 ;
; DSP Block Balancing                                                             ; Auto               ; Auto               ;
; NOT Gate Push-Back                                                              ; On                 ; On                 ;
; Power-Up Don't Care                                                             ; On                 ; On                 ;
; Remove Redundant Logic Cells                                                    ; Off                ; Off                ;
; Remove Duplicate Registers                                                      ; On                 ; On                 ;
; Ignore CARRY Buffers                                                            ; Off                ; Off                ;
; Ignore CASCADE Buffers                                                          ; Off                ; Off                ;
; Ignore GLOBAL Buffers                                                           ; Off                ; Off                ;
; Ignore ROW GLOBAL Buffers                                                       ; Off                ; Off                ;
; Ignore LCELL Buffers                                                            ; Off                ; Off                ;
; Ignore SOFT Buffers                                                             ; On                 ; On                 ;
; Limit AHDL Integers to 32 Bits                                                  ; Off                ; Off                ;
; Optimization Technique                                                          ; Balanced           ; Balanced           ;
; Carry Chain Length                                                              ; 70                 ; 70                 ;
; Auto Carry Chains                                                               ; On                 ; On                 ;
; Auto Open-Drain Pins                                                            ; On                 ; On                 ;
; Perform WYSIWYG Primitive Resynthesis                                           ; Off                ; Off                ;
; Auto ROM Replacement                                                            ; On                 ; On                 ;
; Auto RAM Replacement                                                            ; On                 ; On                 ;
; Auto DSP Block Replacement                                                      ; On                 ; On                 ;
; Auto Shift Register Replacement                                                 ; Auto               ; Auto               ;
; Allow Shift Register Merging across Hierarchies                                 ; Auto               ; Auto               ;
; Auto Clock Enable Replacement                                                   ; On                 ; On                 ;
; Strict RAM Replacement                                                          ; Off                ; Off                ;
; Allow Synchronous Control Signals                                               ; On                 ; On                 ;
; Force Use of Synchronous Clear Signals                                          ; Off                ; Off                ;
; Auto Resource Sharing                                                           ; Off                ; Off                ;
; Allow Any RAM Size For Recognition                                              ; Off                ; Off                ;
; Allow Any ROM Size For Recognition                                              ; Off                ; Off                ;
; Allow Any Shift Register Size For Recognition                                   ; Off                ; Off                ;
; Use LogicLock Constraints during Resource Balancing                             ; On                 ; On                 ;
; Ignore translate_off and synthesis_off directives                               ; Off                ; Off                ;
; Timing-Driven Synthesis                                                         ; On                 ; On                 ;
; Report Parameter Settings                                                       ; On                 ; On                 ;
; Report Source Assignments                                                       ; On                 ; On                 ;
; Report Connectivity Checks                                                      ; On                 ; On                 ;
; Ignore Maximum Fan-Out Assignments                                              ; Off                ; Off                ;
; Synchronization Register Chain Length                                           ; 3                  ; 3                  ;
; Power Optimization During Synthesis                                             ; Normal compilation ; Normal compilation ;
; HDL message level                                                               ; Level2             ; Level2             ;
; Suppress Register Optimization Related Messages                                 ; Off                ; Off                ;
; Number of Removed Registers Reported in Synthesis Report                        ; 5000               ; 5000               ;
; Number of Swept Nodes Reported in Synthesis Report                              ; 5000               ; 5000               ;
; Number of Inverted Registers Reported in Synthesis Report                       ; 100                ; 100                ;
; Clock MUX Protection                                                            ; On                 ; On                 ;
; Auto Gated Clock Conversion                                                     ; Off                ; Off                ;
; Block Design Naming                                                             ; Auto               ; Auto               ;
; SDC constraint protection                                                       ; Off                ; Off                ;
; Synthesis Effort                                                                ; Auto               ; Auto               ;
; Shift Register Replacement - Allow Asynchronous Clear Signal                    ; On                 ; On                 ;
; Pre-Mapping Resynthesis Optimization                                            ; Off                ; Off                ;
; Analysis & Synthesis Message Level                                              ; Medium             ; Medium             ;
; Disable Register Merging Across Hierarchies                                     ; Auto               ; Auto               ;
; Resource Aware Inference For Block RAM                                          ; On                 ; On                 ;
; Automatic Parallel Synthesis                                                    ; On                 ; On                 ;
; Partial Reconfiguration Bitstream ID                                            ; Off                ; Off                ;
+---------------------------------------------------------------------------------+--------------------+--------------------+


+------------------------------------------+
; Parallel Compilation                     ;
+----------------------------+-------------+
; Processors                 ; Number      ;
+----------------------------+-------------+
; Number detected on machine ; 4           ;
; Maximum allowed            ; 2           ;
;                            ;             ;
; Average used               ; 1.00        ;
; Maximum used               ; 2           ;
;                            ;             ;
; Usage by Processor         ; % Time Used ;
;     Processor 1            ; 100.0%      ;
;     Processor 2            ;   0.0%      ;
+----------------------------+-------------+


+----------------------------------------------------------------------------------------------------------------------+
; Analysis & Synthesis Source Files Read                                                                               ;
+----------------------------------+-----------------+------------------------+------------------------------+---------+
; File Name with User-Entered Path ; Used in Netlist ; File Type              ; File Name with Absolute Path ; Library ;
+----------------------------------+-----------------+------------------------+------------------------------+---------+
; shifter.v                        ; yes             ; User Verilog HDL File  ; D:/CPEN211/lab5/shifter.v    ;         ;
; regfile.v                        ; yes             ; User Verilog HDL File  ; D:/CPEN211/lab5/regfile.v    ;         ;
; lab5_top.v                       ; yes             ; User Verilog HDL File  ; D:/CPEN211/lab5/lab5_top.v   ;         ;
; datapath.v                       ; yes             ; User Verilog HDL File  ; D:/CPEN211/lab5/datapath.v   ;         ;
; alu.v                            ; yes             ; User Verilog HDL File  ; D:/CPEN211/lab5/alu.v        ;         ;
+----------------------------------+-----------------+------------------------+------------------------------+---------+


+------------------------------------------------------------+
; Analysis & Synthesis Resource Usage Summary                ;
+---------------------------------------------+--------------+
; Resource                                    ; Usage        ;
+---------------------------------------------+--------------+
; Estimate of Logic utilization (ALMs needed) ; 141          ;
;                                             ;              ;
; Combinational ALUT usage for logic          ; 191          ;
;     -- 7 input functions                    ; 0            ;
;     -- 6 input functions                    ; 41           ;
;     -- 5 input functions                    ; 38           ;
;     -- 4 input functions                    ; 57           ;
;     -- <=3 input functions                  ; 55           ;
;                                             ;              ;
; Dedicated logic registers                   ; 194          ;
;                                             ;              ;
; I/O pins                                    ; 67           ;
;                                             ;              ;
; Total DSP Blocks                            ; 0            ;
;                                             ;              ;
; Maximum fan-out node                        ; KEY[0]~input ;
; Maximum fan-out                             ; 177          ;
; Total fan-out                               ; 1548         ;
; Average fan-out                             ; 2.98         ;
+---------------------------------------------+--------------+


+---------------------------------------------------------------------------------------------------------------------------------------------------------------------------------------------------------------------------------+
; Analysis & Synthesis Resource Utilization by Entity                                                                                                                                                                             ;
+-----------------------------+---------------------+---------------------------+-------------------+------------+------+--------------+-------------------------------------------------------------+-------------+--------------+
; Compilation Hierarchy Node  ; Combinational ALUTs ; Dedicated Logic Registers ; Block Memory Bits ; DSP Blocks ; Pins ; Virtual Pins ; Full Hierarchy Name                                         ; Entity Name ; Library Name ;
+-----------------------------+---------------------+---------------------------+-------------------+------------+------+--------------+-------------------------------------------------------------+-------------+--------------+
; |lab5_top                   ; 191 (0)             ; 194 (0)                   ; 0                 ; 0          ; 67   ; 0            ; |lab5_top                                                   ; lab5_top    ; work         ;
;    |datapath:DP|            ; 154 (33)            ; 177 (0)                   ; 0                 ; 0          ; 0    ; 0            ; |lab5_top|datapath:DP                                       ; datapath    ; work         ;
;       |ALU:alu_u2|          ; 45 (45)             ; 0 (0)                     ; 0                 ; 0          ; 0    ; 0            ; |lab5_top|datapath:DP|ALU:alu_u2                            ; ALU         ; work         ;
;       |regfile:REGFILE|     ; 59 (58)             ; 128 (0)                   ; 0                 ; 0          ; 0    ; 0            ; |lab5_top|datapath:DP|regfile:REGFILE                       ; regfile     ; work         ;
;          |dec:read_dec|     ; 1 (1)               ; 0 (0)                     ; 0                 ; 0          ; 0    ; 0            ; |lab5_top|datapath:DP|regfile:REGFILE|dec:read_dec          ; dec         ; work         ;
;          |register:r0|      ; 0 (0)               ; 16 (0)                    ; 0                 ; 0          ; 0    ; 0            ; |lab5_top|datapath:DP|regfile:REGFILE|register:r0           ; register    ; work         ;
;             |vDFF:vdff|     ; 0 (0)               ; 16 (16)                   ; 0                 ; 0          ; 0    ; 0            ; |lab5_top|datapath:DP|regfile:REGFILE|register:r0|vDFF:vdff ; vDFF        ; work         ;
;          |register:r1|      ; 0 (0)               ; 16 (0)                    ; 0                 ; 0          ; 0    ; 0            ; |lab5_top|datapath:DP|regfile:REGFILE|register:r1           ; register    ; work         ;
;             |vDFF:vdff|     ; 0 (0)               ; 16 (16)                   ; 0                 ; 0          ; 0    ; 0            ; |lab5_top|datapath:DP|regfile:REGFILE|register:r1|vDFF:vdff ; vDFF        ; work         ;
;          |register:r2|      ; 0 (0)               ; 16 (0)                    ; 0                 ; 0          ; 0    ; 0            ; |lab5_top|datapath:DP|regfile:REGFILE|register:r2           ; register    ; work         ;
;             |vDFF:vdff|     ; 0 (0)               ; 16 (16)                   ; 0                 ; 0          ; 0    ; 0            ; |lab5_top|datapath:DP|regfile:REGFILE|register:r2|vDFF:vdff ; vDFF        ; work         ;
;          |register:r3|      ; 0 (0)               ; 16 (0)                    ; 0                 ; 0          ; 0    ; 0            ; |lab5_top|datapath:DP|regfile:REGFILE|register:r3           ; register    ; work         ;
;             |vDFF:vdff|     ; 0 (0)               ; 16 (16)                   ; 0                 ; 0          ; 0    ; 0            ; |lab5_top|datapath:DP|regfile:REGFILE|register:r3|vDFF:vdff ; vDFF        ; work         ;
;          |register:r4|      ; 0 (0)               ; 16 (0)                    ; 0                 ; 0          ; 0    ; 0            ; |lab5_top|datapath:DP|regfile:REGFILE|register:r4           ; register    ; work         ;
;             |vDFF:vdff|     ; 0 (0)               ; 16 (16)                   ; 0                 ; 0          ; 0    ; 0            ; |lab5_top|datapath:DP|regfile:REGFILE|register:r4|vDFF:vdff ; vDFF        ; work         ;
;          |register:r5|      ; 0 (0)               ; 16 (0)                    ; 0                 ; 0          ; 0    ; 0            ; |lab5_top|datapath:DP|regfile:REGFILE|register:r5           ; register    ; work         ;
;             |vDFF:vdff|     ; 0 (0)               ; 16 (16)                   ; 0                 ; 0          ; 0    ; 0            ; |lab5_top|datapath:DP|regfile:REGFILE|register:r5|vDFF:vdff ; vDFF        ; work         ;
;          |register:r6|      ; 0 (0)               ; 16 (0)                    ; 0                 ; 0          ; 0    ; 0            ; |lab5_top|datapath:DP|regfile:REGFILE|register:r6           ; register    ; work         ;
;             |vDFF:vdff|     ; 0 (0)               ; 16 (16)                   ; 0                 ; 0          ; 0    ; 0            ; |lab5_top|datapath:DP|regfile:REGFILE|register:r6|vDFF:vdff ; vDFF        ; work         ;
;          |register:r7|      ; 0 (0)               ; 16 (0)                    ; 0                 ; 0          ; 0    ; 0            ; |lab5_top|datapath:DP|regfile:REGFILE|register:r7           ; register    ; work         ;
;             |vDFF:vdff|     ; 0 (0)               ; 16 (16)                   ; 0                 ; 0          ; 0    ; 0            ; |lab5_top|datapath:DP|regfile:REGFILE|register:r7|vDFF:vdff ; vDFF        ; work         ;
;       |register:regA|       ; 0 (0)               ; 16 (0)                    ; 0                 ; 0          ; 0    ; 0            ; |lab5_top|datapath:DP|register:regA                         ; register    ; work         ;
;          |vDFF:vdff|        ; 0 (0)               ; 16 (16)                   ; 0                 ; 0          ; 0    ; 0            ; |lab5_top|datapath:DP|register:regA|vDFF:vdff               ; vDFF        ; work         ;
;       |register:regB|       ; 0 (0)               ; 16 (0)                    ; 0                 ; 0          ; 0    ; 0            ; |lab5_top|datapath:DP|register:regB                         ; register    ; work         ;
;          |vDFF:vdff|        ; 0 (0)               ; 16 (16)                   ; 0                 ; 0          ; 0    ; 0            ; |lab5_top|datapath:DP|register:regB|vDFF:vdff               ; vDFF        ; work         ;
;       |register:regC|       ; 0 (0)               ; 16 (0)                    ; 0                 ; 0          ; 0    ; 0            ; |lab5_top|datapath:DP|register:regC                         ; register    ; work         ;
;          |vDFF:vdff|        ; 0 (0)               ; 16 (16)                   ; 0                 ; 0          ; 0    ; 0            ; |lab5_top|datapath:DP|register:regC|vDFF:vdff               ; vDFF        ; work         ;
;       |register:status|     ; 15 (0)              ; 1 (0)                     ; 0                 ; 0          ; 0    ; 0            ; |lab5_top|datapath:DP|register:status                       ; register    ; work         ;
;          |vDFF:vdff|        ; 15 (15)             ; 1 (1)                     ; 0                 ; 0          ; 0    ; 0            ; |lab5_top|datapath:DP|register:status|vDFF:vdff             ; vDFF        ; work         ;
;       |shifter:shifter_out| ; 2 (2)               ; 0 (0)                     ; 0                 ; 0          ; 0    ; 0            ; |lab5_top|datapath:DP|shifter:shifter_out                   ; shifter     ; work         ;
;    |input_iface:IN|         ; 9 (9)               ; 17 (0)                    ; 0                 ; 0          ; 0    ; 0            ; |lab5_top|input_iface:IN                                    ; input_iface ; work         ;
;       |vDFF:CTRL|           ; 0 (0)               ; 9 (9)                     ; 0                 ; 0          ; 0    ; 0            ; |lab5_top|input_iface:IN|vDFF:CTRL                          ; vDFF        ; work         ;
;       |vDFF:DATA|           ; 0 (0)               ; 8 (8)                     ; 0                 ; 0          ; 0    ; 0            ; |lab5_top|input_iface:IN|vDFF:DATA                          ; vDFF        ; work         ;
;    |sseg:H0|                ; 7 (7)               ; 0 (0)                     ; 0                 ; 0          ; 0    ; 0            ; |lab5_top|sseg:H0                                           ; sseg        ; work         ;
;    |sseg:H1|                ; 7 (7)               ; 0 (0)                     ; 0                 ; 0          ; 0    ; 0            ; |lab5_top|sseg:H1                                           ; sseg        ; work         ;
;    |sseg:H2|                ; 7 (7)               ; 0 (0)                     ; 0                 ; 0          ; 0    ; 0            ; |lab5_top|sseg:H2                                           ; sseg        ; work         ;
;    |sseg:H3|                ; 7 (7)               ; 0 (0)                     ; 0                 ; 0          ; 0    ; 0            ; |lab5_top|sseg:H3                                           ; sseg        ; work         ;
+-----------------------------+---------------------+---------------------------+-------------------+------------+------+--------------+-------------------------------------------------------------+-------------+--------------+
Note: For table entries with two numbers listed, the numbers in parentheses indicate the number of resources of the given type used by the specific entity alone. The numbers listed outside of parentheses indicate the total resources of the given type used by the specific entity and all of its sub-entities in the hierarchy.


+--------------------------------------------------------------------------------+
; Registers Removed During Synthesis                                             ;
+---------------------------------------+----------------------------------------+
; Register name                         ; Reason for Removal                     ;
+---------------------------------------+----------------------------------------+
; input_iface:IN|vDFF:DATA|Q[8..15]     ; Stuck at GND due to stuck port data_in ;
; Total Number of Removed Registers = 8 ;                                        ;
+---------------------------------------+----------------------------------------+


+------------------------------------------------------+
; General Register Statistics                          ;
+----------------------------------------------+-------+
; Statistic                                    ; Value ;
+----------------------------------------------+-------+
; Total registers                              ; 194   ;
; Number of registers using Synchronous Clear  ; 0     ;
; Number of registers using Synchronous Load   ; 16    ;
; Number of registers using Asynchronous Clear ; 0     ;
; Number of registers using Asynchronous Load  ; 0     ;
; Number of registers using Clock Enable       ; 193   ;
; Number of registers using Preset             ; 0     ;
+----------------------------------------------+-------+


+----------------------------------------------------------------------------------------------------------------------------------------------------------------+
; Multiplexer Restructuring Statistics (Restructuring Performed)                                                                                                 ;
+--------------------+-----------+---------------+----------------------+------------------------+------------+--------------------------------------------------+
; Multiplexer Inputs ; Bus Width ; Baseline Area ; Area if Restructured ; Saving if Restructured ; Registered ; Example Multiplexer Output                       ;
+--------------------+-----------+---------------+----------------------+------------------------+------------+--------------------------------------------------+
; 4:1                ; 16 bits   ; 32 LEs        ; 32 LEs               ; 0 LEs                  ; No         ; |lab5_top|datapath:DP|ALU:alu_u2|Mux1            ;
; 5:1                ; 10 bits   ; 30 LEs        ; 20 LEs               ; 10 LEs                 ; No         ; |lab5_top|datapath:DP|Bin[5]                     ;
; 5:1                ; 4 bits    ; 12 LEs        ; 8 LEs                ; 4 LEs                  ; No         ; |lab5_top|datapath:DP|Bin[1]                     ;
; 8:1                ; 16 bits   ; 80 LEs        ; 80 LEs               ; 0 LEs                  ; No         ; |lab5_top|datapath:DP|regfile:REGFILE|Selector10 ;
+--------------------+-----------+---------------+----------------------+------------------------+------------+--------------------------------------------------+


+-----------------------------------------------------------------------+
; Parameter Settings for User Entity Instance: input_iface:IN|vDFF:DATA ;
+----------------+-------+----------------------------------------------+
; Parameter Name ; Value ; Type                                         ;
+----------------+-------+----------------------------------------------+
; n              ; 16    ; Signed Integer                               ;
+----------------+-------+----------------------------------------------+
Note: In order to hide this table in the UI and the text report file, please set the "Show Parameter Settings in Synthesis Report" option in "Analysis and Synthesis Settings -> More Settings" to "Off".


+-----------------------------------------------------------------------+
; Parameter Settings for User Entity Instance: input_iface:IN|vDFF:CTRL ;
+----------------+-------+----------------------------------------------+
; Parameter Name ; Value ; Type                                         ;
+----------------+-------+----------------------------------------------+
; n              ; 9     ; Signed Integer                               ;
+----------------+-------+----------------------------------------------+
Note: In order to hide this table in the UI and the text report file, please set the "Show Parameter Settings in Synthesis Report" option in "Analysis and Synthesis Settings -> More Settings" to "Off".


+----------------------------------------------------------------------------------------+
; Parameter Settings for User Entity Instance: datapath:DP|regfile:REGFILE|dec:write_dec ;
+----------------+-------+---------------------------------------------------------------+
; Parameter Name ; Value ; Type                                                          ;
+----------------+-------+---------------------------------------------------------------+
; n              ; 3     ; Signed Integer                                                ;
; m              ; 8     ; Signed Integer                                                ;
+----------------+-------+---------------------------------------------------------------+
Note: In order to hide this table in the UI and the text report file, please set the "Show Parameter Settings in Synthesis Report" option in "Analysis and Synthesis Settings -> More Settings" to "Off".


+---------------------------------------------------------------------------------------+
; Parameter Settings for User Entity Instance: datapath:DP|regfile:REGFILE|dec:read_dec ;
+----------------+-------+--------------------------------------------------------------+
; Parameter Name ; Value ; Type                                                         ;
+----------------+-------+--------------------------------------------------------------+
; n              ; 3     ; Signed Integer                                               ;
; m              ; 8     ; Signed Integer                                               ;
+----------------+-------+--------------------------------------------------------------+
Note: In order to hide this table in the UI and the text report file, please set the "Show Parameter Settings in Synthesis Report" option in "Analysis and Synthesis Settings -> More Settings" to "Off".


+--------------------------------------------------------------------------------------+
; Parameter Settings for User Entity Instance: datapath:DP|regfile:REGFILE|register:r0 ;
+----------------+-------+-------------------------------------------------------------+
; Parameter Name ; Value ; Type                                                        ;
+----------------+-------+-------------------------------------------------------------+
; n              ; 16    ; Signed Integer                                              ;
+----------------+-------+-------------------------------------------------------------+
Note: In order to hide this table in the UI and the text report file, please set the "Show Parameter Settings in Synthesis Report" option in "Analysis and Synthesis Settings -> More Settings" to "Off".


+------------------------------------------------------------------------------------------------+
; Parameter Settings for User Entity Instance: datapath:DP|regfile:REGFILE|register:r0|vDFF:vdff ;
+----------------+-------+-----------------------------------------------------------------------+
; Parameter Name ; Value ; Type                                                                  ;
+----------------+-------+-----------------------------------------------------------------------+
; n              ; 16    ; Signed Integer                                                        ;
+----------------+-------+-----------------------------------------------------------------------+
Note: In order to hide this table in the UI and the text report file, please set the "Show Parameter Settings in Synthesis Report" option in "Analysis and Synthesis Settings -> More Settings" to "Off".


+--------------------------------------------------------------------------------------+
; Parameter Settings for User Entity Instance: datapath:DP|regfile:REGFILE|register:r1 ;
+----------------+-------+-------------------------------------------------------------+
; Parameter Name ; Value ; Type                                                        ;
+----------------+-------+-------------------------------------------------------------+
; n              ; 16    ; Signed Integer                                              ;
+----------------+-------+-------------------------------------------------------------+
Note: In order to hide this table in the UI and the text report file, please set the "Show Parameter Settings in Synthesis Report" option in "Analysis and Synthesis Settings -> More Settings" to "Off".


+------------------------------------------------------------------------------------------------+
; Parameter Settings for User Entity Instance: datapath:DP|regfile:REGFILE|register:r1|vDFF:vdff ;
+----------------+-------+-----------------------------------------------------------------------+
; Parameter Name ; Value ; Type                                                                  ;
+----------------+-------+-----------------------------------------------------------------------+
; n              ; 16    ; Signed Integer                                                        ;
+----------------+-------+-----------------------------------------------------------------------+
Note: In order to hide this table in the UI and the text report file, please set the "Show Parameter Settings in Synthesis Report" option in "Analysis and Synthesis Settings -> More Settings" to "Off".


+--------------------------------------------------------------------------------------+
; Parameter Settings for User Entity Instance: datapath:DP|regfile:REGFILE|register:r2 ;
+----------------+-------+-------------------------------------------------------------+
; Parameter Name ; Value ; Type                                                        ;
+----------------+-------+-------------------------------------------------------------+
; n              ; 16    ; Signed Integer                                              ;
+----------------+-------+-------------------------------------------------------------+
Note: In order to hide this table in the UI and the text report file, please set the "Show Parameter Settings in Synthesis Report" option in "Analysis and Synthesis Settings -> More Settings" to "Off".


+------------------------------------------------------------------------------------------------+
; Parameter Settings for User Entity Instance: datapath:DP|regfile:REGFILE|register:r2|vDFF:vdff ;
+----------------+-------+-----------------------------------------------------------------------+
; Parameter Name ; Value ; Type                                                                  ;
+----------------+-------+-----------------------------------------------------------------------+
; n              ; 16    ; Signed Integer                                                        ;
+----------------+-------+-----------------------------------------------------------------------+
Note: In order to hide this table in the UI and the text report file, please set the "Show Parameter Settings in Synthesis Report" option in "Analysis and Synthesis Settings -> More Settings" to "Off".


+--------------------------------------------------------------------------------------+
; Parameter Settings for User Entity Instance: datapath:DP|regfile:REGFILE|register:r3 ;
+----------------+-------+-------------------------------------------------------------+
; Parameter Name ; Value ; Type                                                        ;
+----------------+-------+-------------------------------------------------------------+
; n              ; 16    ; Signed Integer                                              ;
+----------------+-------+-------------------------------------------------------------+
Note: In order to hide this table in the UI and the text report file, please set the "Show Parameter Settings in Synthesis Report" option in "Analysis and Synthesis Settings -> More Settings" to "Off".


+------------------------------------------------------------------------------------------------+
; Parameter Settings for User Entity Instance: datapath:DP|regfile:REGFILE|register:r3|vDFF:vdff ;
+----------------+-------+-----------------------------------------------------------------------+
; Parameter Name ; Value ; Type                                                                  ;
+----------------+-------+-----------------------------------------------------------------------+
; n              ; 16    ; Signed Integer                                                        ;
+----------------+-------+-----------------------------------------------------------------------+
Note: In order to hide this table in the UI and the text report file, please set the "Show Parameter Settings in Synthesis Report" option in "Analysis and Synthesis Settings -> More Settings" to "Off".


+--------------------------------------------------------------------------------------+
; Parameter Settings for User Entity Instance: datapath:DP|regfile:REGFILE|register:r4 ;
+----------------+-------+-------------------------------------------------------------+
; Parameter Name ; Value ; Type                                                        ;
+----------------+-------+-------------------------------------------------------------+
; n              ; 16    ; Signed Integer                                              ;
+----------------+-------+-------------------------------------------------------------+
Note: In order to hide this table in the UI and the text report file, please set the "Show Parameter Settings in Synthesis Report" option in "Analysis and Synthesis Settings -> More Settings" to "Off".


+------------------------------------------------------------------------------------------------+
; Parameter Settings for User Entity Instance: datapath:DP|regfile:REGFILE|register:r4|vDFF:vdff ;
+----------------+-------+-----------------------------------------------------------------------+
; Parameter Name ; Value ; Type                                                                  ;
+----------------+-------+-----------------------------------------------------------------------+
; n              ; 16    ; Signed Integer                                                        ;
+----------------+-------+-----------------------------------------------------------------------+
Note: In order to hide this table in the UI and the text report file, please set the "Show Parameter Settings in Synthesis Report" option in "Analysis and Synthesis Settings -> More Settings" to "Off".


+--------------------------------------------------------------------------------------+
; Parameter Settings for User Entity Instance: datapath:DP|regfile:REGFILE|register:r5 ;
+----------------+-------+-------------------------------------------------------------+
; Parameter Name ; Value ; Type                                                        ;
+----------------+-------+-------------------------------------------------------------+
; n              ; 16    ; Signed Integer                                              ;
+----------------+-------+-------------------------------------------------------------+
Note: In order to hide this table in the UI and the text report file, please set the "Show Parameter Settings in Synthesis Report" option in "Analysis and Synthesis Settings -> More Settings" to "Off".


+------------------------------------------------------------------------------------------------+
; Parameter Settings for User Entity Instance: datapath:DP|regfile:REGFILE|register:r5|vDFF:vdff ;
+----------------+-------+-----------------------------------------------------------------------+
; Parameter Name ; Value ; Type                                                                  ;
+----------------+-------+-----------------------------------------------------------------------+
; n              ; 16    ; Signed Integer                                                        ;
+----------------+-------+-----------------------------------------------------------------------+
Note: In order to hide this table in the UI and the text report file, please set the "Show Parameter Settings in Synthesis Report" option in "Analysis and Synthesis Settings -> More Settings" to "Off".


+--------------------------------------------------------------------------------------+
; Parameter Settings for User Entity Instance: datapath:DP|regfile:REGFILE|register:r6 ;
+----------------+-------+-------------------------------------------------------------+
; Parameter Name ; Value ; Type                                                        ;
+----------------+-------+-------------------------------------------------------------+
; n              ; 16    ; Signed Integer                                              ;
+----------------+-------+-------------------------------------------------------------+
Note: In order to hide this table in the UI and the text report file, please set the "Show Parameter Settings in Synthesis Report" option in "Analysis and Synthesis Settings -> More Settings" to "Off".


+------------------------------------------------------------------------------------------------+
; Parameter Settings for User Entity Instance: datapath:DP|regfile:REGFILE|register:r6|vDFF:vdff ;
+----------------+-------+-----------------------------------------------------------------------+
; Parameter Name ; Value ; Type                                                                  ;
+----------------+-------+-----------------------------------------------------------------------+
; n              ; 16    ; Signed Integer                                                        ;
+----------------+-------+-----------------------------------------------------------------------+
Note: In order to hide this table in the UI and the text report file, please set the "Show Parameter Settings in Synthesis Report" option in "Analysis and Synthesis Settings -> More Settings" to "Off".


+--------------------------------------------------------------------------------------+
; Parameter Settings for User Entity Instance: datapath:DP|regfile:REGFILE|register:r7 ;
+----------------+-------+-------------------------------------------------------------+
; Parameter Name ; Value ; Type                                                        ;
+----------------+-------+-------------------------------------------------------------+
; n              ; 16    ; Signed Integer                                              ;
+----------------+-------+-------------------------------------------------------------+
Note: In order to hide this table in the UI and the text report file, please set the "Show Parameter Settings in Synthesis Report" option in "Analysis and Synthesis Settings -> More Settings" to "Off".


+------------------------------------------------------------------------------------------------+
; Parameter Settings for User Entity Instance: datapath:DP|regfile:REGFILE|register:r7|vDFF:vdff ;
+----------------+-------+-----------------------------------------------------------------------+
; Parameter Name ; Value ; Type                                                                  ;
+----------------+-------+-----------------------------------------------------------------------+
; n              ; 16    ; Signed Integer                                                        ;
+----------------+-------+-----------------------------------------------------------------------+
Note: In order to hide this table in the UI and the text report file, please set the "Show Parameter Settings in Synthesis Report" option in "Analysis and Synthesis Settings -> More Settings" to "Off".


+------------------------------------------------------------------------+
; Parameter Settings for User Entity Instance: datapath:DP|register:regA ;
+----------------+-------+-----------------------------------------------+
; Parameter Name ; Value ; Type                                          ;
+----------------+-------+-----------------------------------------------+
; n              ; 16    ; Signed Integer                                ;
+----------------+-------+-----------------------------------------------+
Note: In order to hide this table in the UI and the text report file, please set the "Show Parameter Settings in Synthesis Report" option in "Analysis and Synthesis Settings -> More Settings" to "Off".


+----------------------------------------------------------------------------------+
; Parameter Settings for User Entity Instance: datapath:DP|register:regA|vDFF:vdff ;
+----------------+-------+---------------------------------------------------------+
; Parameter Name ; Value ; Type                                                    ;
+----------------+-------+---------------------------------------------------------+
; n              ; 16    ; Signed Integer                                          ;
+----------------+-------+---------------------------------------------------------+
Note: In order to hide this table in the UI and the text report file, please set the "Show Parameter Settings in Synthesis Report" option in "Analysis and Synthesis Settings -> More Settings" to "Off".


+------------------------------------------------------------------------+
; Parameter Settings for User Entity Instance: datapath:DP|register:regB ;
+----------------+-------+-----------------------------------------------+
; Parameter Name ; Value ; Type                                          ;
+----------------+-------+-----------------------------------------------+
; n              ; 16    ; Signed Integer                                ;
+----------------+-------+-----------------------------------------------+
Note: In order to hide this table in the UI and the text report file, please set the "Show Parameter Settings in Synthesis Report" option in "Analysis and Synthesis Settings -> More Settings" to "Off".


+----------------------------------------------------------------------------------+
; Parameter Settings for User Entity Instance: datapath:DP|register:regB|vDFF:vdff ;
+----------------+-------+---------------------------------------------------------+
; Parameter Name ; Value ; Type                                                    ;
+----------------+-------+---------------------------------------------------------+
; n              ; 16    ; Signed Integer                                          ;
+----------------+-------+---------------------------------------------------------+
Note: In order to hide this table in the UI and the text report file, please set the "Show Parameter Settings in Synthesis Report" option in "Analysis and Synthesis Settings -> More Settings" to "Off".


+--------------------------------------------------------------------------+
; Parameter Settings for User Entity Instance: datapath:DP|register:status ;
+----------------+-------+-------------------------------------------------+
; Parameter Name ; Value ; Type                                            ;
+----------------+-------+-------------------------------------------------+
; n              ; 1     ; Signed Integer                                  ;
+----------------+-------+-------------------------------------------------+
Note: In order to hide this table in the UI and the text report file, please set the "Show Parameter Settings in Synthesis Report" option in "Analysis and Synthesis Settings -> More Settings" to "Off".


+------------------------------------------------------------------------------------+
; Parameter Settings for User Entity Instance: datapath:DP|register:status|vDFF:vdff ;
+----------------+-------+-----------------------------------------------------------+
; Parameter Name ; Value ; Type                                                      ;
+----------------+-------+-----------------------------------------------------------+
; n              ; 1     ; Signed Integer                                            ;
+----------------+-------+-----------------------------------------------------------+
Note: In order to hide this table in the UI and the text report file, please set the "Show Parameter Settings in Synthesis Report" option in "Analysis and Synthesis Settings -> More Settings" to "Off".


+------------------------------------------------------------------------+
; Parameter Settings for User Entity Instance: datapath:DP|register:regC ;
+----------------+-------+-----------------------------------------------+
; Parameter Name ; Value ; Type                                          ;
+----------------+-------+-----------------------------------------------+
; n              ; 16    ; Signed Integer                                ;
+----------------+-------+-----------------------------------------------+
Note: In order to hide this table in the UI and the text report file, please set the "Show Parameter Settings in Synthesis Report" option in "Analysis and Synthesis Settings -> More Settings" to "Off".


+----------------------------------------------------------------------------------+
; Parameter Settings for User Entity Instance: datapath:DP|register:regC|vDFF:vdff ;
+----------------+-------+---------------------------------------------------------+
; Parameter Name ; Value ; Type                                                    ;
+----------------+-------+---------------------------------------------------------+
; n              ; 16    ; Signed Integer                                          ;
+----------------+-------+---------------------------------------------------------+
Note: In order to hide this table in the UI and the text report file, please set the "Show Parameter Settings in Synthesis Report" option in "Analysis and Synthesis Settings -> More Settings" to "Off".


+-----------------------------------------------------+
; Post-Synthesis Netlist Statistics for Top Partition ;
+-----------------------+-----------------------------+
; Type                  ; Count                       ;
+-----------------------+-----------------------------+
; arriav_ff             ; 194                         ;
;     ENA               ; 177                         ;
;     ENA SLD           ; 16                          ;
;     plain             ; 1                           ;
; arriav_lcell_comb     ; 196                         ;
;     arith             ; 17                          ;
;         1 data inputs ; 1                           ;
;         4 data inputs ; 14                          ;
;         5 data inputs ; 2                           ;
;     normal            ; 179                         ;
;         0 data inputs ; 1                           ;
;         1 data inputs ; 4                           ;
;         2 data inputs ; 13                          ;
;         3 data inputs ; 41                          ;
;         4 data inputs ; 43                          ;
;         5 data inputs ; 36                          ;
;         6 data inputs ; 41                          ;
; boundary_port         ; 67                          ;
;                       ;                             ;
; Max LUT depth         ; 6.30                        ;
; Average LUT depth     ; 3.00                        ;
+-----------------------+-----------------------------+


+-------------------------------+
; Elapsed Time Per Partition    ;
+----------------+--------------+
; Partition Name ; Elapsed Time ;
+----------------+--------------+
; Top            ; 00:00:01     ;
+----------------+--------------+


+-------------------------------+
; Analysis & Synthesis Messages ;
+-------------------------------+
Info: *******************************************************************
Info: Running Quartus Prime Analysis & Synthesis
    Info: Version 18.1.0 Build 625 09/12/2018 SJ Lite Edition
    Info: Processing started: Sat Nov 20 00:01:11 2021
Info: Command: quartus_map --read_settings_files=on --write_settings_files=off lab5_top -c lab5_top
Warning (18236): Number of processors has not been specified which may cause overloading on shared machines.  Set the global assignment NUM_PARALLEL_PROCESSORS in your QSF to an appropriate value for best performance.
Info (20030): Parallel compilation is enabled and will use 2 of the 2 processors detected
Info (12021): Found 1 design units, including 1 entities, in source file shifter.v
    Info (12023): Found entity 1: shifter File: D:/CPEN211/lab5/shifter.v Line: 1
Info (12021): Found 3 design units, including 3 entities, in source file regfile.v
    Info (12023): Found entity 1: regfile File: D:/CPEN211/lab5/regfile.v Line: 1
    Info (12023): Found entity 2: dec File: D:/CPEN211/lab5/regfile.v Line: 39
    Info (12023): Found entity 3: register File: D:/CPEN211/lab5/regfile.v Line: 47
Info (12021): Found 4 design units, including 4 entities, in source file lab5_top.v
    Info (12023): Found entity 1: lab5_top File: D:/CPEN211/lab5/lab5_top.v Line: 57
    Info (12023): Found entity 2: input_iface File: D:/CPEN211/lab5/lab5_top.v Line: 109
    Info (12023): Found entity 3: vDFF File: D:/CPEN211/lab5/lab5_top.v Line: 148
    Info (12023): Found entity 4: sseg File: D:/CPEN211/lab5/lab5_top.v Line: 183
Info (12021): Found 4 design units, including 4 entities, in source file lab5_autograder_check.v
    Info (12023): Found entity 1: lab5_check_1 File: D:/CPEN211/lab5/lab5_autograder_check.v Line: 7
    Info (12023): Found entity 2: lab5_check_2 File: D:/CPEN211/lab5/lab5_autograder_check.v Line: 84
    Info (12023): Found entity 3: lab5_check_3 File: D:/CPEN211/lab5/lab5_autograder_check.v Line: 140
    Info (12023): Found entity 4: lab5_check_4 File: D:/CPEN211/lab5/lab5_autograder_check.v Line: 165
Info (12021): Found 1 design units, including 1 entities, in source file datapath.v
    Info (12023): Found entity 1: datapath File: D:/CPEN211/lab5/datapath.v Line: 1
Info (12021): Found 1 design units, including 1 entities, in source file alu.v
    Info (12023): Found entity 1: ALU File: D:/CPEN211/lab5/alu.v Line: 1
Info (12127): Elaborating entity "lab5_top" for the top level hierarchy
Info (12128): Elaborating entity "input_iface" for hierarchy "input_iface:IN" File: D:/CPEN211/lab5/lab5_top.v Line: 71
Info (12128): Elaborating entity "vDFF" for hierarchy "input_iface:IN|vDFF:DATA" File: D:/CPEN211/lab5/lab5_top.v Line: 123
Info (12128): Elaborating entity "vDFF" for hierarchy "input_iface:IN|vDFF:CTRL" File: D:/CPEN211/lab5/lab5_top.v Line: 129
Info (12128): Elaborating entity "datapath" for hierarchy "datapath:DP" File: D:/CPEN211/lab5/lab5_top.v Line: 97
Info (12128): Elaborating entity "regfile" for hierarchy "datapath:DP|regfile:REGFILE" File: D:/CPEN211/lab5/datapath.v Line: 15
Info (10264): Verilog HDL Case Statement information at regfile.v(15): all case item expressions in this case statement are onehot File: D:/CPEN211/lab5/regfile.v Line: 15
Info (12128): Elaborating entity "dec" for hierarchy "datapath:DP|regfile:REGFILE|dec:write_dec" File: D:/CPEN211/lab5/regfile.v Line: 10
Warning (10230): Verilog HDL assignment warning at regfile.v(44): truncated value with size 32 to match size of target (8) File: D:/CPEN211/lab5/regfile.v Line: 44
Info (12128): Elaborating entity "register" for hierarchy "datapath:DP|regfile:REGFILE|register:r0" File: D:/CPEN211/lab5/regfile.v Line: 28
Info (12128): Elaborating entity "shifter" for hierarchy "datapath:DP|shifter:shifter_out" File: D:/CPEN211/lab5/datapath.v Line: 22
Info (12128): Elaborating entity "ALU" for hierarchy "datapath:DP|ALU:alu_u2" File: D:/CPEN211/lab5/datapath.v Line: 29
Warning (10059): Verilog HDL Case Statement warning at alu.v(19): case item expression never matches the case expression because it contains an 'x' or 'z' value File: D:/CPEN211/lab5/alu.v Line: 19
Info (12128): Elaborating entity "register" for hierarchy "datapath:DP|register:status" File: D:/CPEN211/lab5/datapath.v Line: 31
Info (12128): Elaborating entity "vDFF" for hierarchy "datapath:DP|register:status|vDFF:vdff" File: D:/CPEN211/lab5/regfile.v Line: 55
Info (12128): Elaborating entity "sseg" for hierarchy "sseg:H0" File: D:/CPEN211/lab5/lab5_top.v Line: 100
Warning (13024): Output pins are stuck at VCC or GND
    Warning (13410): Pin "HEX4[0]" is stuck at VCC File: D:/CPEN211/lab5/lab5_top.v Line: 62
    Warning (13410): Pin "HEX4[1]" is stuck at VCC File: D:/CPEN211/lab5/lab5_top.v Line: 62
    Warning (13410): Pin "HEX4[2]" is stuck at VCC File: D:/CPEN211/lab5/lab5_top.v Line: 62
    Warning (13410): Pin "HEX4[3]" is stuck at VCC File: D:/CPEN211/lab5/lab5_top.v Line: 62
    Warning (13410): Pin "HEX4[4]" is stuck at VCC File: D:/CPEN211/lab5/lab5_top.v Line: 62
    Warning (13410): Pin "HEX4[5]" is stuck at VCC File: D:/CPEN211/lab5/lab5_top.v Line: 62
    Warning (13410): Pin "HEX4[6]" is stuck at VCC File: D:/CPEN211/lab5/lab5_top.v Line: 62
    Warning (13410): Pin "HEX5[0]" is stuck at VCC File: D:/CPEN211/lab5/lab5_top.v Line: 62
    Warning (13410): Pin "HEX5[1]" is stuck at VCC File: D:/CPEN211/lab5/lab5_top.v Line: 62
    Warning (13410): Pin "HEX5[2]" is stuck at VCC File: D:/CPEN211/lab5/lab5_top.v Line: 62
    Warning (13410): Pin "HEX5[3]" is stuck at VCC File: D:/CPEN211/lab5/lab5_top.v Line: 62
    Warning (13410): Pin "HEX5[4]" is stuck at VCC File: D:/CPEN211/lab5/lab5_top.v Line: 62
    Warning (13410): Pin "HEX5[5]" is stuck at VCC File: D:/CPEN211/lab5/lab5_top.v Line: 62
    Warning (13410): Pin "HEX5[6]" is stuck at VCC File: D:/CPEN211/lab5/lab5_top.v Line: 62
Info (286030): Timing-Driven Synthesis is running
Info (144001): Generated suppressed messages file D:/CPEN211/lab5/output_files/lab5_top.map.smsg
Info (16010): Generating hard_block partition "hard_block:auto_generated_inst"
    Info (16011): Adding 0 node(s), including 0 DDIO, 0 PLL, 0 transceiver and 0 LCELL
Warning (21074): Design contains 3 input pin(s) that do not drive logic
    Warning (15610): No output dependent on input pin "KEY[1]" File: D:/CPEN211/lab5/lab5_top.v Line: 58
    Warning (15610): No output dependent on input pin "KEY[2]" File: D:/CPEN211/lab5/lab5_top.v Line: 58
    Warning (15610): No output dependent on input pin "KEY[3]" File: D:/CPEN211/lab5/lab5_top.v Line: 58
Info (21057): Implemented 451 device resources after synthesis - the final resource count might be different
    Info (21058): Implemented 15 input pins
    Info (21059): Implemented 52 output pins
    Info (21061): Implemented 384 logic cells
Info: Quartus Prime Analysis & Synthesis was successful. 0 errors, 22 warnings
    Info: Peak virtual memory: 4814 megabytes
    Info: Processing ended: Sat Nov 20 00:01:38 2021
    Info: Elapsed time: 00:00:27
    Info: Total CPU time (on all processors): 00:00:51


+------------------------------------------+
; Analysis & Synthesis Suppressed Messages ;
+------------------------------------------+
The suppressed messages can be found in D:/CPEN211/lab5/output_files/lab5_top.map.smsg.


